  [1m[35m (9.8ms)[0m  [1m[35mCREATE TABLE "schema_migrations" ("version" varchar NOT NULL PRIMARY KEY)[0m
  [1m[35m (8.7ms)[0m  [1m[35mCREATE TABLE "ar_internal_metadata" ("key" varchar NOT NULL PRIMARY KEY, "value" varchar, "created_at" datetime(6) NOT NULL, "updated_at" datetime(6) NOT NULL)[0m
  [1m[36mActiveRecord::SchemaMigration Pluck (0.1ms)[0m  [1m[34mSELECT "schema_migrations"."version" FROM "schema_migrations" ORDER BY "schema_migrations"."version" ASC[0m
Migrating to DeviseCreateUsers (20231015061709)
  [1m[36mTRANSACTION (0.1ms)[0m  [1m[36mbegin transaction[0m
  [1m[35m (0.2ms)[0m  [1m[35mCREATE TABLE "users" ("id" integer PRIMARY KEY AUTOINCREMENT NOT NULL, "email" varchar DEFAULT '' NOT NULL, "encrypted_password" varchar DEFAULT '' NOT NULL, "reset_password_token" varchar, "reset_password_sent_at" datetime(6), "remember_created_at" datetime(6), "created_at" datetime(6) NOT NULL, "updated_at" datetime(6) NOT NULL)[0m
  [1m[35m (0.1ms)[0m  [1m[35mCREATE UNIQUE INDEX "index_users_on_email" ON "users" ("email")[0m
  [1m[35m (0.1ms)[0m  [1m[35mCREATE UNIQUE INDEX "index_users_on_reset_password_token" ON "users" ("reset_password_token")[0m
  [1m[36mActiveRecord::SchemaMigration Create (0.1ms)[0m  [1m[32mINSERT INTO "schema_migrations" ("version") VALUES (?)[0m  [["version", "20231015061709"]]
  [1m[36mTRANSACTION (8.2ms)[0m  [1m[36mcommit transaction[0m
  [1m[36mActiveRecord::InternalMetadata Load (0.1ms)[0m  [1m[34mSELECT "ar_internal_metadata".* FROM "ar_internal_metadata" WHERE "ar_internal_metadata"."key" = ? LIMIT ?[0m  [["key", "environment"], ["LIMIT", 1]]
  [1m[36mTRANSACTION (0.0ms)[0m  [1m[36mbegin transaction[0m
  [1m[36mActiveRecord::InternalMetadata Create (0.1ms)[0m  [1m[32mINSERT INTO "ar_internal_metadata" ("key", "value", "created_at", "updated_at") VALUES (?, ?, ?, ?)[0m  [["key", "environment"], ["value", "development"], ["created_at", "2023-10-15 06:17:55.457484"], ["updated_at", "2023-10-15 06:17:55.457484"]]
  [1m[36mTRANSACTION (5.8ms)[0m  [1m[36mcommit transaction[0m
  [1m[36mActiveRecord::SchemaMigration Pluck (0.1ms)[0m  [1m[34mSELECT "schema_migrations"."version" FROM "schema_migrations" ORDER BY "schema_migrations"."version" ASC[0m
  [1m[36mActiveRecord::SchemaMigration Pluck (0.1ms)[0m  [1m[34mSELECT "schema_migrations"."version" FROM "schema_migrations" ORDER BY "schema_migrations"."version" ASC[0m
Migrating to CreateNotes (20231015062159)
  [1m[36mTRANSACTION (0.0ms)[0m  [1m[36mbegin transaction[0m
  [1m[35m (0.2ms)[0m  [1m[35mCREATE TABLE "notes" ("id" integer PRIMARY KEY AUTOINCREMENT NOT NULL, "title" varchar, "user_id" integer, "created_at" datetime(6) NOT NULL, "updated_at" datetime(6) NOT NULL)[0m
  [1m[36mActiveRecord::SchemaMigration Create (0.1ms)[0m  [1m[32mINSERT INTO "schema_migrations" ("version") VALUES (?)[0m  [["version", "20231015062159"]]
  [1m[36mTRANSACTION (8.6ms)[0m  [1m[36mcommit transaction[0m
  [1m[36mActiveRecord::InternalMetadata Load (0.2ms)[0m  [1m[34mSELECT "ar_internal_metadata".* FROM "ar_internal_metadata" WHERE "ar_internal_metadata"."key" = ? LIMIT ?[0m  [["key", "environment"], ["LIMIT", 1]]
  [1m[36mActiveRecord::SchemaMigration Pluck (0.1ms)[0m  [1m[34mSELECT "schema_migrations"."version" FROM "schema_migrations" ORDER BY "schema_migrations"."version" ASC[0m
  [1m[36mActiveRecord::SchemaMigration Pluck (0.1ms)[0m  [1m[34mSELECT "schema_migrations"."version" FROM "schema_migrations" ORDER BY "schema_migrations"."version" ASC[0m
Migrating to CreateActiveStorageTables (20231015062455)
  [1m[36mTRANSACTION (0.0ms)[0m  [1m[36mbegin transaction[0m
  [1m[35m (0.2ms)[0m  [1m[35mCREATE TABLE "active_storage_blobs" ("id" integer PRIMARY KEY AUTOINCREMENT NOT NULL, "key" varchar NOT NULL, "filename" varchar NOT NULL, "content_type" varchar, "metadata" text, "service_name" varchar NOT NULL, "byte_size" bigint NOT NULL, "checksum" varchar, "created_at" datetime(6) NOT NULL)[0m
  [1m[35m (0.1ms)[0m  [1m[35mCREATE UNIQUE INDEX "index_active_storage_blobs_on_key" ON "active_storage_blobs" ("key")[0m
  [1m[35m (0.1ms)[0m  [1m[35mCREATE TABLE "active_storage_attachments" ("id" integer PRIMARY KEY AUTOINCREMENT NOT NULL, "name" varchar NOT NULL, "record_type" varchar NOT NULL, "record_id" bigint NOT NULL, "blob_id" bigint NOT NULL, "created_at" datetime(6) NOT NULL, CONSTRAINT "fk_rails_c3b3935057"
FOREIGN KEY ("blob_id")
  REFERENCES "active_storage_blobs" ("id")
)[0m
  [1m[35m (0.1ms)[0m  [1m[35mCREATE INDEX "index_active_storage_attachments_on_blob_id" ON "active_storage_attachments" ("blob_id")[0m
  [1m[35m (0.1ms)[0m  [1m[35mCREATE UNIQUE INDEX "index_active_storage_attachments_uniqueness" ON "active_storage_attachments" ("record_type", "record_id", "name", "blob_id")[0m
  [1m[35m (0.1ms)[0m  [1m[35mCREATE TABLE "active_storage_variant_records" ("id" integer PRIMARY KEY AUTOINCREMENT NOT NULL, "blob_id" bigint NOT NULL, "variation_digest" varchar NOT NULL, CONSTRAINT "fk_rails_993965df05"
FOREIGN KEY ("blob_id")
  REFERENCES "active_storage_blobs" ("id")
)[0m
  [1m[35m (0.1ms)[0m  [1m[35mCREATE UNIQUE INDEX "index_active_storage_variant_records_uniqueness" ON "active_storage_variant_records" ("blob_id", "variation_digest")[0m
  [1m[36mActiveRecord::SchemaMigration Create (0.1ms)[0m  [1m[32mINSERT INTO "schema_migrations" ("version") VALUES (?)[0m  [["version", "20231015062455"]]
  [1m[36mTRANSACTION (7.9ms)[0m  [1m[36mcommit transaction[0m
Migrating to CreateActionTextTables (20231015062456)
  [1m[36mTRANSACTION (0.0ms)[0m  [1m[36mbegin transaction[0m
  [1m[35m (0.2ms)[0m  [1m[35mCREATE TABLE "action_text_rich_texts" ("id" integer PRIMARY KEY AUTOINCREMENT NOT NULL, "name" varchar NOT NULL, "body" text, "record_type" varchar NOT NULL, "record_id" bigint NOT NULL, "created_at" datetime(6) NOT NULL, "updated_at" datetime(6) NOT NULL)[0m
  [1m[35m (0.1ms)[0m  [1m[35mCREATE UNIQUE INDEX "index_action_text_rich_texts_uniqueness" ON "action_text_rich_texts" ("record_type", "record_id", "name")[0m
  [1m[36mActiveRecord::SchemaMigration Create (0.1ms)[0m  [1m[32mINSERT INTO "schema_migrations" ("version") VALUES (?)[0m  [["version", "20231015062456"]]
  [1m[36mTRANSACTION (8.4ms)[0m  [1m[36mcommit transaction[0m
  [1m[36mActiveRecord::InternalMetadata Load (0.1ms)[0m  [1m[34mSELECT "ar_internal_metadata".* FROM "ar_internal_metadata" WHERE "ar_internal_metadata"."key" = ? LIMIT ?[0m  [["key", "environment"], ["LIMIT", 1]]
  [1m[36mActiveRecord::SchemaMigration Pluck (0.1ms)[0m  [1m[34mSELECT "schema_migrations"."version" FROM "schema_migrations" ORDER BY "schema_migrations"."version" ASC[0m
Started GET "/" for 127.0.0.1 at 2023-10-15 12:01:11 +0530
  [1m[36mActiveRecord::SchemaMigration Pluck (0.1ms)[0m  [1m[34mSELECT "schema_migrations"."version" FROM "schema_migrations" ORDER BY "schema_migrations"."version" ASC[0m
Processing by Rails::WelcomeController#index as HTML
  Rendering /home/bacancy/.rvm/gems/ruby-3.0.0/gems/railties-7.0.8/lib/rails/templates/rails/welcome/index.html.erb
  Rendered /home/bacancy/.rvm/gems/ruby-3.0.0/gems/railties-7.0.8/lib/rails/templates/rails/welcome/index.html.erb (Duration: 1.3ms | Allocations: 830)
Completed 200 OK in 17ms (Views: 4.5ms | ActiveRecord: 0.0ms | Allocations: 10305)


Started GET "/nptes" for 127.0.0.1 at 2023-10-15 12:01:15 +0530
  
ActionController::RoutingError (No route matches [GET] "/nptes"):
  
Started GET "/notes" for 127.0.0.1 at 2023-10-15 12:01:19 +0530
Processing by NotesController#index as HTML
  Rendering layout layouts/application.html.erb
  Rendering notes/index.html.erb within layouts/application
  [1m[36mNote Load (0.2ms)[0m  [1m[34mSELECT "notes".* FROM "notes"[0m
  ↳ app/views/notes/index.html.erb:2
  Rendered notes/index.html.erb within layouts/application (Duration: 1.7ms | Allocations: 792)
  Rendered layout layouts/application.html.erb (Duration: 246.6ms | Allocations: 102973)
Completed 200 OK in 265ms (Views: 256.9ms | ActiveRecord: 0.2ms | Allocations: 107104)


Started GET "/notes/new" for 127.0.0.1 at 2023-10-15 12:23:50 +0530
  
SyntaxError (/home/bacancy/notebook/app/controllers/notes_controller.rb:2: syntax error, unexpected local variable or method, expecting `end'
...   before_action :set_note only: %i[:show]
...                           ^~~~
/home/bacancy/notebook/app/controllers/notes_controller.rb:26: syntax error, unexpected end-of-input, expecting `end'):
  
app/controllers/notes_controller.rb:2: syntax error, unexpected local variable or method, expecting `end'
app/controllers/notes_controller.rb:26: syntax error, unexpected end-of-input, expecting `end'
app/controllers/notes_controller.rb:2: syntax error, unexpected local variable or method, expecting `end'
app/controllers/notes_controller.rb:26: syntax error, unexpected end-of-input, expecting `end'
Started GET "/notes/new" for 127.0.0.1 at 2023-10-15 12:24:41 +0530
  
SyntaxError (/home/bacancy/notebook/app/controllers/notes_controller.rb:26: syntax error, unexpected end-of-input, expecting `end'):
  
app/controllers/notes_controller.rb:26: syntax error, unexpected end-of-input, expecting `end'
app/controllers/notes_controller.rb:26: syntax error, unexpected end-of-input, expecting `end'
Started GET "/notes/new" for 127.0.0.1 at 2023-10-15 12:24:41 +0530
  
SyntaxError (/home/bacancy/notebook/app/controllers/notes_controller.rb:26: syntax error, unexpected end-of-input, expecting `end'):
  
app/controllers/notes_controller.rb:26: syntax error, unexpected end-of-input, expecting `end'
app/controllers/notes_controller.rb:26: syntax error, unexpected end-of-input, expecting `end'
Started GET "/notes/new" for 127.0.0.1 at 2023-10-15 12:24:52 +0530
Processing by NotesController#new as HTML
  Rendering layout layouts/application.html.erb
  Rendering notes/new.html.erb within layouts/application
  Rendered notes/_form.html.erb (Duration: 0.5ms | Allocations: 1314)
  Rendered notes/new.html.erb within layouts/application (Duration: 1.1ms | Allocations: 1550)
  Rendered layout layouts/application.html.erb (Duration: 1.2ms | Allocations: 1624)
Completed 500 Internal Server Error in 12ms (ActiveRecord: 0.6ms | Allocations: 19693)


  
ActionView::SyntaxErrorInTemplate (Encountered a syntax error while rendering template: check <% form_with (model: note) do |form|%>
  <div>
    <%= form.label :title%>
    <%= form.text_field :title%>
  </div>

  <div>
    <%= form.label :content%>
    <%= form.rich_text_area :content%>
  </div>
  
  <div>
    <%= form.submit%>
  </div>
<% end %>

):
1:    <% form_with (model: note) do |form|%>
2:      <div>
3:        <%= form.label :title%>
4:        <%= form.text_field :title%>
5:      </div>
6:    
7:      <div>
8:        <%= form.label :content%>
9:        <%= form.rich_text_area :content%>
10:      </div>
11:      
12:      <div>
13:        <%= form.submit%>
14:      </div>
15:    <% end %>
  
app/views/notes/_form.html.erb:1: syntax error, unexpected label, expecting ')'
app/views/notes/_form.html.erb:17: syntax error, unexpected `end', expecting end-of-input
app/views/notes/_form.html.erb:1: syntax error, unexpected label, expecting ')'
app/views/notes/_form.html.erb:17: syntax error, unexpected `end', expecting end-of-input
app/views/notes/_form.html.erb:1: syntax error, unexpected label, expecting ')'
app/views/notes/_form.html.erb:17: syntax error, unexpected `end', expecting end-of-input
app/views/notes/_form.html.erb:1: syntax error, unexpected label, expecting ')'
app/views/notes/_form.html.erb:17: syntax error, unexpected `end', expecting end-of-input
app/views/notes/new.html.erb:2
Started GET "/notes/new" for 127.0.0.1 at 2023-10-15 12:25:24 +0530
Processing by NotesController#new as HTML
  Rendering layout layouts/application.html.erb
  Rendering notes/new.html.erb within layouts/application
  Rendered notes/_form.html.erb (Duration: 59.6ms | Allocations: 34285)
  Rendered notes/new.html.erb within layouts/application (Duration: 60.2ms | Allocations: 34517)
  Rendered layout layouts/application.html.erb (Duration: 72.1ms | Allocations: 50635)
Completed 200 OK in 75ms (Views: 73.2ms | ActiveRecord: 0.4ms | Allocations: 51742)


Started GET "/notes/new" for 127.0.0.1 at 2023-10-15 12:25:25 +0530
Processing by NotesController#new as HTML
  Rendering layout layouts/application.html.erb
  Rendering notes/new.html.erb within layouts/application
  Rendered notes/_form.html.erb (Duration: 3.0ms | Allocations: 1445)
  Rendered notes/new.html.erb within layouts/application (Duration: 3.2ms | Allocations: 1501)
  Rendered layout layouts/application.html.erb (Duration: 6.6ms | Allocations: 4248)
Completed 200 OK in 8ms (Views: 7.3ms | ActiveRecord: 0.0ms | Allocations: 4579)


Started GET "/notes/new" for 127.0.0.1 at 2023-10-15 12:25:25 +0530
Processing by NotesController#new as HTML
  Rendering layout layouts/application.html.erb
  Rendering notes/new.html.erb within layouts/application
  Rendered notes/_form.html.erb (Duration: 9.0ms | Allocations: 1434)
  Rendered notes/new.html.erb within layouts/application (Duration: 9.5ms | Allocations: 1490)
  Rendered layout layouts/application.html.erb (Duration: 20.4ms | Allocations: 4237)
Completed 200 OK in 23ms (Views: 22.0ms | ActiveRecord: 0.0ms | Allocations: 4567)


Started GET "/notes/new" for 127.0.0.1 at 2023-10-15 12:25:25 +0530
Processing by NotesController#new as HTML
  Rendering layout layouts/application.html.erb
  Rendering notes/new.html.erb within layouts/application
  Rendered notes/_form.html.erb (Duration: 1.9ms | Allocations: 1438)
  Rendered notes/new.html.erb within layouts/application (Duration: 2.0ms | Allocations: 1494)
  Rendered layout layouts/application.html.erb (Duration: 4.8ms | Allocations: 4241)
Completed 200 OK in 5ms (Views: 5.1ms | ActiveRecord: 0.0ms | Allocations: 4571)


Started GET "/notes/new" for 127.0.0.1 at 2023-10-15 12:25:26 +0530
Processing by NotesController#new as HTML
  Rendering layout layouts/application.html.erb
  Rendering notes/new.html.erb within layouts/application
  Rendered notes/_form.html.erb (Duration: 2.3ms | Allocations: 1434)
  Rendered notes/new.html.erb within layouts/application (Duration: 2.5ms | Allocations: 1490)
  Rendered layout layouts/application.html.erb (Duration: 5.7ms | Allocations: 4237)
Completed 200 OK in 7ms (Views: 6.2ms | ActiveRecord: 0.0ms | Allocations: 4567)


Started GET "/notes/new" for 127.0.0.1 at 2023-10-15 12:26:21 +0530
Processing by NotesController#new as HTML
  Rendering layout layouts/application.html.erb
  Rendering notes/new.html.erb within layouts/application
  Rendered notes/_form.html.erb (Duration: 5.6ms | Allocations: 4853)
  Rendered notes/new.html.erb within layouts/application (Duration: 6.3ms | Allocations: 5087)
  Rendered layout layouts/application.html.erb (Duration: 6.5ms | Allocations: 5159)
Completed 500 Internal Server Error in 9ms (ActiveRecord: 0.0ms | Allocations: 6239)


  
ActionView::Template::Error (undefined local variable or method `note' for #<ActionView::Base:0x0000000001c458>
Did you mean?  not
               @note):
    1: <% form_with(model: note) do |form|%>
    2:   <div>
    3:     <%= form.label :title%>
    4:     <%= form.text_field :title%>
  
app/views/notes/_form.html.erb:1
app/views/notes/new.html.erb:2
Started GET "/notes/new" for 127.0.0.1 at 2023-10-15 12:26:21 +0530
Processing by NotesController#new as HTML
  Rendering layout layouts/application.html.erb
  Rendering notes/new.html.erb within layouts/application
  Rendered notes/_form.html.erb (Duration: 5.3ms | Allocations: 4555)
  Rendered notes/new.html.erb within layouts/application (Duration: 5.6ms | Allocations: 4613)
  Rendered layout layouts/application.html.erb (Duration: 5.7ms | Allocations: 4684)
Completed 500 Internal Server Error in 7ms (ActiveRecord: 0.0ms | Allocations: 4982)


  
ActionView::Template::Error (undefined local variable or method `note' for #<ActionView::Base:0x0000000001c750>
Did you mean?  not
               @note):
    1: <% form_with(model: note) do |form|%>
    2:   <div>
    3:     <%= form.label :title%>
    4:     <%= form.text_field :title%>
  
app/views/notes/_form.html.erb:1
app/views/notes/new.html.erb:2
Started GET "/notes/new" for 127.0.0.1 at 2023-10-15 12:26:22 +0530
Processing by NotesController#new as HTML
  Rendering layout layouts/application.html.erb
  Rendering notes/new.html.erb within layouts/application
  Rendered notes/_form.html.erb (Duration: 14.7ms | Allocations: 4553)
  Rendered notes/new.html.erb within layouts/application (Duration: 15.2ms | Allocations: 4611)
  Rendered layout layouts/application.html.erb (Duration: 15.5ms | Allocations: 4682)
Completed 500 Internal Server Error in 18ms (ActiveRecord: 0.0ms | Allocations: 4979)


  
ActionView::Template::Error (undefined local variable or method `note' for #<ActionView::Base:0x0000000001ca20>
Did you mean?  not
               @note):
    1: <% form_with(model: note) do |form|%>
    2:   <div>
    3:     <%= form.label :title%>
    4:     <%= form.text_field :title%>
  
app/views/notes/_form.html.erb:1
app/views/notes/new.html.erb:2
Started GET "/notes/new" for 127.0.0.1 at 2023-10-15 12:26:22 +0530
Processing by NotesController#new as HTML
  Rendering layout layouts/application.html.erb
  Rendering notes/new.html.erb within layouts/application
  Rendered notes/_form.html.erb (Duration: 14.5ms | Allocations: 4555)
  Rendered notes/new.html.erb within layouts/application (Duration: 14.9ms | Allocations: 4613)
  Rendered layout layouts/application.html.erb (Duration: 15.2ms | Allocations: 4684)
Completed 500 Internal Server Error in 17ms (ActiveRecord: 0.0ms | Allocations: 4981)


  
ActionView::Template::Error (undefined local variable or method `note' for #<ActionView::Base:0x0000000001ccf0>
Did you mean?  not
               @note):
    1: <% form_with(model: note) do |form|%>
    2:   <div>
    3:     <%= form.label :title%>
    4:     <%= form.text_field :title%>
  
app/views/notes/_form.html.erb:1
app/views/notes/new.html.erb:2
Started GET "/notes/new" for 127.0.0.1 at 2023-10-15 12:26:23 +0530
Processing by NotesController#new as HTML
  Rendering layout layouts/application.html.erb
  Rendering notes/new.html.erb within layouts/application
  Rendered notes/_form.html.erb (Duration: 17.6ms | Allocations: 4553)
  Rendered notes/new.html.erb within layouts/application (Duration: 18.1ms | Allocations: 4611)
  Rendered layout layouts/application.html.erb (Duration: 18.5ms | Allocations: 4682)
Completed 500 Internal Server Error in 21ms (ActiveRecord: 0.0ms | Allocations: 4979)


  
ActionView::Template::Error (undefined local variable or method `note' for #<ActionView::Base:0x0000000001cfc0>
Did you mean?  not
               @note):
    1: <% form_with(model: note) do |form|%>
    2:   <div>
    3:     <%= form.label :title%>
    4:     <%= form.text_field :title%>
  
app/views/notes/_form.html.erb:1
app/views/notes/new.html.erb:2
Started GET "/notes/new" for 127.0.0.1 at 2023-10-15 12:26:23 +0530
Processing by NotesController#new as HTML
  Rendering layout layouts/application.html.erb
  Rendering notes/new.html.erb within layouts/application
  Rendered notes/_form.html.erb (Duration: 14.9ms | Allocations: 4553)
  Rendered notes/new.html.erb within layouts/application (Duration: 15.3ms | Allocations: 4611)
  Rendered layout layouts/application.html.erb (Duration: 15.6ms | Allocations: 4682)
Completed 500 Internal Server Error in 18ms (ActiveRecord: 0.0ms | Allocations: 4979)


  
ActionView::Template::Error (undefined local variable or method `note' for #<ActionView::Base:0x0000000001d290>
Did you mean?  not
               @note):
    1: <% form_with(model: note) do |form|%>
    2:   <div>
    3:     <%= form.label :title%>
    4:     <%= form.text_field :title%>
  
app/views/notes/_form.html.erb:1
app/views/notes/new.html.erb:2
Started GET "/notes/new" for 127.0.0.1 at 2023-10-15 12:26:24 +0530
Processing by NotesController#new as HTML
  Rendering layout layouts/application.html.erb
  Rendering notes/new.html.erb within layouts/application
  Rendered notes/_form.html.erb (Duration: 15.1ms | Allocations: 4553)
  Rendered notes/new.html.erb within layouts/application (Duration: 15.7ms | Allocations: 4614)
  Rendered layout layouts/application.html.erb (Duration: 16.2ms | Allocations: 4685)
Completed 500 Internal Server Error in 19ms (ActiveRecord: 0.0ms | Allocations: 4982)


  
ActionView::Template::Error (undefined local variable or method `note' for #<ActionView::Base:0x0000000001d560>
Did you mean?  not
               @note):
    1: <% form_with(model: note) do |form|%>
    2:   <div>
    3:     <%= form.label :title%>
    4:     <%= form.text_field :title%>
  
app/views/notes/_form.html.erb:1
app/views/notes/new.html.erb:2
Started GET "/notes/new" for 127.0.0.1 at 2023-10-15 12:26:24 +0530
Processing by NotesController#new as HTML
  Rendering layout layouts/application.html.erb
  Rendering notes/new.html.erb within layouts/application
  Rendered notes/_form.html.erb (Duration: 17.8ms | Allocations: 4555)
  Rendered notes/new.html.erb within layouts/application (Duration: 18.3ms | Allocations: 4613)
  Rendered layout layouts/application.html.erb (Duration: 18.7ms | Allocations: 4684)
Completed 500 Internal Server Error in 21ms (ActiveRecord: 0.0ms | Allocations: 4981)


  
ActionView::Template::Error (undefined local variable or method `note' for #<ActionView::Base:0x0000000001d830>
Did you mean?  not
               @note):
    1: <% form_with(model: note) do |form|%>
    2:   <div>
    3:     <%= form.label :title%>
    4:     <%= form.text_field :title%>
  
app/views/notes/_form.html.erb:1
app/views/notes/new.html.erb:2
Started GET "/notes/new" for 127.0.0.1 at 2023-10-15 12:26:34 +0530
Processing by NotesController#new as HTML
  Rendering layout layouts/application.html.erb
  Rendering notes/new.html.erb within layouts/application
  Rendered notes/_form.html.erb (Duration: 3.4ms | Allocations: 1739)
  Rendered notes/new.html.erb within layouts/application (Duration: 4.3ms | Allocations: 1972)
  Rendered layout layouts/application.html.erb (Duration: 8.7ms | Allocations: 5073)
Completed 200 OK in 15ms (Views: 12.1ms | ActiveRecord: 0.0ms | Allocations: 6182)


Started GET "/notes/new" for 127.0.0.1 at 2023-10-15 12:26:35 +0530
Processing by NotesController#new as HTML
  Rendering layout layouts/application.html.erb
  Rendering notes/new.html.erb within layouts/application
  Rendered notes/_form.html.erb (Duration: 10.2ms | Allocations: 1430)
  Rendered notes/new.html.erb within layouts/application (Duration: 10.8ms | Allocations: 1486)
  Rendered layout layouts/application.html.erb (Duration: 20.8ms | Allocations: 4233)
Completed 200 OK in 24ms (Views: 22.3ms | ActiveRecord: 0.0ms | Allocations: 4565)


Started GET "/notes/new" for 127.0.0.1 at 2023-10-15 12:26:35 +0530
Processing by NotesController#new as HTML
  Rendering layout layouts/application.html.erb
  Rendering notes/new.html.erb within layouts/application
  Rendered notes/_form.html.erb (Duration: 9.9ms | Allocations: 1436)
  Rendered notes/new.html.erb within layouts/application (Duration: 11.0ms | Allocations: 1504)
  Rendered layout layouts/application.html.erb (Duration: 20.4ms | Allocations: 4278)
Completed 200 OK in 23ms (Views: 21.7ms | ActiveRecord: 0.0ms | Allocations: 4609)


Started GET "/notes/new" for 127.0.0.1 at 2023-10-15 12:26:35 +0530
Processing by NotesController#new as HTML
  Rendering layout layouts/application.html.erb
  Rendering notes/new.html.erb within layouts/application
  Rendered notes/_form.html.erb (Duration: 8.6ms | Allocations: 1426)
  Rendered notes/new.html.erb within layouts/application (Duration: 9.2ms | Allocations: 1482)
  Rendered layout layouts/application.html.erb (Duration: 16.6ms | Allocations: 4241)
Completed 200 OK in 19ms (Views: 17.8ms | ActiveRecord: 0.0ms | Allocations: 4571)


Started GET "/notes/new" for 127.0.0.1 at 2023-10-15 12:26:36 +0530
Processing by NotesController#new as HTML
  Rendering layout layouts/application.html.erb
  Rendering notes/new.html.erb within layouts/application
  Rendered notes/_form.html.erb (Duration: 8.2ms | Allocations: 1428)
  Rendered notes/new.html.erb within layouts/application (Duration: 8.8ms | Allocations: 1484)
  Rendered layout layouts/application.html.erb (Duration: 19.4ms | Allocations: 4231)
Completed 200 OK in 23ms (Views: 21.3ms | ActiveRecord: 0.0ms | Allocations: 4561)


Started GET "/notes/new" for 127.0.0.1 at 2023-10-15 12:26:36 +0530
Processing by NotesController#new as HTML
  Rendering layout layouts/application.html.erb
  Rendering notes/new.html.erb within layouts/application
  Rendered notes/_form.html.erb (Duration: 6.1ms | Allocations: 1432)
  Rendered notes/new.html.erb within layouts/application (Duration: 6.6ms | Allocations: 1488)
  Rendered layout layouts/application.html.erb (Duration: 12.6ms | Allocations: 4235)
Completed 200 OK in 15ms (Views: 13.8ms | ActiveRecord: 0.0ms | Allocations: 4565)


Started GET "/notes/new" for 127.0.0.1 at 2023-10-15 12:27:04 +0530
Processing by NotesController#new as HTML
  Rendering layout layouts/application.html.erb
  Rendering notes/new.html.erb within layouts/application
  Rendered notes/_form.html.erb (Duration: 3.8ms | Allocations: 1744)
  Rendered notes/new.html.erb within layouts/application (Duration: 4.7ms | Allocations: 1979)
  Rendered layout layouts/application.html.erb (Duration: 10.1ms | Allocations: 5052)
Completed 200 OK in 13ms (Views: 12.2ms | ActiveRecord: 0.0ms | Allocations: 6161)


Started GET "/notes/new" for 127.0.0.1 at 2023-10-15 12:28:59 +0530
Processing by NotesController#new as HTML
  Rendering layout layouts/application.html.erb
  Rendering notes/new.html.erb within layouts/application
  Rendered notes/_form.html.erb (Duration: 3.9ms | Allocations: 1748)
  Rendered notes/new.html.erb within layouts/application (Duration: 4.9ms | Allocations: 1978)
  Rendered layout layouts/application.html.erb (Duration: 9.8ms | Allocations: 5051)
Completed 200 OK in 13ms (Views: 11.7ms | ActiveRecord: 0.0ms | Allocations: 6158)


Started GET "/notes/new" for 127.0.0.1 at 2023-10-15 12:29:00 +0530
Processing by NotesController#new as HTML
  Rendering layout layouts/application.html.erb
  Rendering notes/new.html.erb within layouts/application
  Rendered notes/_form.html.erb (Duration: 9.8ms | Allocations: 1434)
  Rendered notes/new.html.erb within layouts/application (Duration: 10.4ms | Allocations: 1490)
  Rendered layout layouts/application.html.erb (Duration: 17.6ms | Allocations: 4237)
Completed 200 OK in 20ms (Views: 18.9ms | ActiveRecord: 0.0ms | Allocations: 4569)


Started GET "/notes/new" for 127.0.0.1 at 2023-10-15 12:31:50 +0530
Processing by NotesController#new as HTML
  Rendering layout layouts/application.html.erb
  Rendering notes/new.html.erb within layouts/application
  Rendered notes/_form.html.erb (Duration: 3.5ms | Allocations: 2241)
  Rendered notes/new.html.erb within layouts/application (Duration: 3.7ms | Allocations: 2301)
  Rendered layout layouts/application.html.erb (Duration: 14.4ms | Allocations: 18164)
Completed 200 OK in 21ms (Views: 15.6ms | ActiveRecord: 0.6ms | Allocations: 22513)


Started GET "/notes/new" for 127.0.0.1 at 2023-10-15 12:31:51 +0530
Processing by NotesController#new as HTML
  Rendering layout layouts/application.html.erb
  Rendering notes/new.html.erb within layouts/application
  Rendered notes/_form.html.erb (Duration: 10.5ms | Allocations: 1450)
  Rendered notes/new.html.erb within layouts/application (Duration: 11.2ms | Allocations: 1506)
  Rendered layout layouts/application.html.erb (Duration: 20.4ms | Allocations: 4253)
Completed 200 OK in 23ms (Views: 21.8ms | ActiveRecord: 0.0ms | Allocations: 4583)


Started POST "/notes" for 127.0.0.1 at 2023-10-15 12:31:59 +0530
Processing by NotesController#create as TURBO_STREAM
  Parameters: {"authenticity_token"=>"[FILTERED]", "note"=>{"title"=>"hey", "content"=>"<div>falnfs snvlsvlsvmlk sfflfdlvmsdlk nkjdnvkjsnfjs</div>"}, "commit"=>"Create Note"}
  [1m[36mTRANSACTION (0.1ms)[0m  [1m[36mbegin transaction[0m
  ↳ app/controllers/notes_controller.rb:13:in `create'
  [1m[36mNote Create (0.5ms)[0m  [1m[32mINSERT INTO "notes" ("title", "user_id", "created_at", "updated_at") VALUES (?, ?, ?, ?)[0m  [["title", "hey"], ["user_id", nil], ["created_at", "2023-10-15 07:01:59.631311"], ["updated_at", "2023-10-15 07:01:59.631311"]]
  ↳ app/controllers/notes_controller.rb:13:in `create'
  [1m[36mActionText::RichText Create (0.2ms)[0m  [1m[32mINSERT INTO "action_text_rich_texts" ("name", "body", "record_type", "record_id", "created_at", "updated_at") VALUES (?, ?, ?, ?, ?, ?)[0m  [["name", "content"], ["body", "<div>falnfs snvlsvlsvmlk sfflfdlvmsdlk nkjdnvkjsnfjs</div>"], ["record_type", "Note"], ["record_id", 1], ["created_at", "2023-10-15 07:01:59.673779"], ["updated_at", "2023-10-15 07:01:59.673779"]]
  ↳ app/controllers/notes_controller.rb:13:in `create'
  [1m[36mActiveStorage::Attachment Load (0.2ms)[0m  [1m[34mSELECT "active_storage_attachments".* FROM "active_storage_attachments" WHERE "active_storage_attachments"."record_id" = ? AND "active_storage_attachments"."record_type" = ? AND "active_storage_attachments"."name" = ?[0m  [["record_id", 1], ["record_type", "ActionText::RichText"], ["name", "embeds"]]
  ↳ app/controllers/notes_controller.rb:13:in `create'
  [1m[36mNote Update (0.1ms)[0m  [1m[33mUPDATE "notes" SET "updated_at" = ? WHERE "notes"."id" = ?[0m  [["updated_at", "2023-10-15 07:01:59.675715"], ["id", 1]]
  ↳ app/controllers/notes_controller.rb:13:in `create'
  [1m[36mTRANSACTION (7.4ms)[0m  [1m[36mcommit transaction[0m
  ↳ app/controllers/notes_controller.rb:13:in `create'
Redirected to 
Completed 500 Internal Server Error in 86ms (ActiveRecord: 8.7ms | Allocations: 36092)


  
NoMethodError (undefined method `@note_url' for #<NotesController:0x000000000230a0>
Did you mean?  notes_url):
  
app/controllers/notes_controller.rb:14:in `create'
Started GET "/notes/new" for 127.0.0.1 at 2023-10-15 12:32:11 +0530
Processing by NotesController#new as HTML
  Rendering layout layouts/application.html.erb
  Rendering notes/new.html.erb within layouts/application
  Rendered notes/_form.html.erb (Duration: 2.4ms | Allocations: 2277)
  Rendered notes/new.html.erb within layouts/application (Duration: 2.5ms | Allocations: 2337)
  Rendered layout layouts/application.html.erb (Duration: 12.9ms | Allocations: 18198)
Completed 200 OK in 19ms (Views: 13.7ms | ActiveRecord: 0.6ms | Allocations: 22547)


Started POST "/notes" for 127.0.0.1 at 2023-10-15 12:32:16 +0530
Processing by NotesController#create as TURBO_STREAM
  Parameters: {"authenticity_token"=>"[FILTERED]", "note"=>{"title"=>"sfmek", "content"=>"<div>vknsekmsrkv</div>"}, "commit"=>"Create Note"}
  [1m[36mTRANSACTION (0.1ms)[0m  [1m[36mbegin transaction[0m
  ↳ app/controllers/notes_controller.rb:13:in `create'
  [1m[36mNote Create (0.3ms)[0m  [1m[32mINSERT INTO "notes" ("title", "user_id", "created_at", "updated_at") VALUES (?, ?, ?, ?)[0m  [["title", "sfmek"], ["user_id", nil], ["created_at", "2023-10-15 07:02:16.130108"], ["updated_at", "2023-10-15 07:02:16.130108"]]
  ↳ app/controllers/notes_controller.rb:13:in `create'
  [1m[36mActionText::RichText Create (0.3ms)[0m  [1m[32mINSERT INTO "action_text_rich_texts" ("name", "body", "record_type", "record_id", "created_at", "updated_at") VALUES (?, ?, ?, ?, ?, ?)[0m  [["name", "content"], ["body", "<div>vknsekmsrkv</div>"], ["record_type", "Note"], ["record_id", 2], ["created_at", "2023-10-15 07:02:16.149296"], ["updated_at", "2023-10-15 07:02:16.149296"]]
  ↳ app/controllers/notes_controller.rb:13:in `create'
  [1m[36mActiveStorage::Attachment Load (0.2ms)[0m  [1m[34mSELECT "active_storage_attachments".* FROM "active_storage_attachments" WHERE "active_storage_attachments"."record_id" = ? AND "active_storage_attachments"."record_type" = ? AND "active_storage_attachments"."name" = ?[0m  [["record_id", 2], ["record_type", "ActionText::RichText"], ["name", "embeds"]]
  ↳ app/controllers/notes_controller.rb:13:in `create'
  [1m[36mNote Update (0.2ms)[0m  [1m[33mUPDATE "notes" SET "updated_at" = ? WHERE "notes"."id" = ?[0m  [["updated_at", "2023-10-15 07:02:16.152138"], ["id", 2]]
  ↳ app/controllers/notes_controller.rb:13:in `create'
  [1m[36mTRANSACTION (5.9ms)[0m  [1m[36mcommit transaction[0m
  ↳ app/controllers/notes_controller.rb:13:in `create'
Redirected to 
Completed 500 Internal Server Error in 48ms (ActiveRecord: 6.9ms | Allocations: 15574)


  
NoMethodError (undefined method `@note_url_url' for #<NotesController:0x00000000028118>
Did you mean?  note_url):
  
app/controllers/notes_controller.rb:14:in `create'
Started GET "/notes/new" for 127.0.0.1 at 2023-10-15 12:32:51 +0530
Processing by NotesController#new as HTML
  Rendering layout layouts/application.html.erb
  Rendering notes/new.html.erb within layouts/application
  Rendered notes/_form.html.erb (Duration: 2.5ms | Allocations: 2237)
  Rendered notes/new.html.erb within layouts/application (Duration: 2.7ms | Allocations: 2297)
  Rendered layout layouts/application.html.erb (Duration: 13.6ms | Allocations: 18158)
Completed 200 OK in 19ms (Views: 14.5ms | ActiveRecord: 0.5ms | Allocations: 22512)


Started POST "/notes" for 127.0.0.1 at 2023-10-15 12:32:56 +0530
Processing by NotesController#create as TURBO_STREAM
  Parameters: {"authenticity_token"=>"[FILTERED]", "note"=>{"title"=>"heg", "content"=>"<div>vsbvke snvksn</div>"}, "commit"=>"Create Note"}
  [1m[36mTRANSACTION (0.1ms)[0m  [1m[36mbegin transaction[0m
  ↳ app/controllers/notes_controller.rb:14:in `create'
  [1m[36mNote Create (0.2ms)[0m  [1m[32mINSERT INTO "notes" ("title", "user_id", "created_at", "updated_at") VALUES (?, ?, ?, ?)[0m  [["title", "heg"], ["user_id", nil], ["created_at", "2023-10-15 07:02:56.898146"], ["updated_at", "2023-10-15 07:02:56.898146"]]
  ↳ app/controllers/notes_controller.rb:14:in `create'
  [1m[36mActionText::RichText Create (0.2ms)[0m  [1m[32mINSERT INTO "action_text_rich_texts" ("name", "body", "record_type", "record_id", "created_at", "updated_at") VALUES (?, ?, ?, ?, ?, ?)[0m  [["name", "content"], ["body", "<div>vsbvke snvksn</div>"], ["record_type", "Note"], ["record_id", 3], ["created_at", "2023-10-15 07:02:56.912595"], ["updated_at", "2023-10-15 07:02:56.912595"]]
  ↳ app/controllers/notes_controller.rb:14:in `create'
  [1m[36mActiveStorage::Attachment Load (0.1ms)[0m  [1m[34mSELECT "active_storage_attachments".* FROM "active_storage_attachments" WHERE "active_storage_attachments"."record_id" = ? AND "active_storage_attachments"."record_type" = ? AND "active_storage_attachments"."name" = ?[0m  [["record_id", 3], ["record_type", "ActionText::RichText"], ["name", "embeds"]]
  ↳ app/controllers/notes_controller.rb:14:in `create'
  [1m[36mNote Update (0.1ms)[0m  [1m[33mUPDATE "notes" SET "updated_at" = ? WHERE "notes"."id" = ?[0m  [["updated_at", "2023-10-15 07:02:56.914683"], ["id", 3]]
  ↳ app/controllers/notes_controller.rb:14:in `create'
  [1m[36mTRANSACTION (5.8ms)[0m  [1m[36mcommit transaction[0m
  ↳ app/controllers/notes_controller.rb:14:in `create'
Redirected to http://127.0.0.1:3000/notes/3
Completed 302 Found in 30ms (ActiveRecord: 6.5ms | Allocations: 13360)


Started GET "/notes/3" for 127.0.0.1 at 2023-10-15 12:32:56 +0530
Processing by NotesController#show as TURBO_STREAM
  Parameters: {"id"=>"3"}
  [1m[36mNote Load (0.2ms)[0m  [1m[34mSELECT "notes".* FROM "notes" WHERE "notes"."id" = ? LIMIT ?[0m  [["id", 3], ["LIMIT", 1]]
  ↳ app/controllers/notes_controller.rb:27:in `set_note'
  Rendering layout layouts/application.html.erb
  Rendering notes/show.html.erb within layouts/application
  Rendered notes/show.html.erb within layouts/application (Duration: 2.3ms | Allocations: 1479)
  Rendered layout layouts/application.html.erb (Duration: 2.5ms | Allocations: 1550)
Completed 500 Internal Server Error in 5ms (ActiveRecord: 0.2ms | Allocations: 3473)


  
ActionView::Template::Error (undefined method `each' for nil:NilClass):
    1: <h1>NOTES PAGE</h1>
    2: <% @notes.each do |note|%>
    3:   <%= note.title %>
    4:   <%= note.content %>
    5: <% end %>
  
app/views/notes/show.html.erb:2
Started GET "/notes/new" for 127.0.0.1 at 2023-10-15 12:33:14 +0530
Processing by NotesController#new as HTML
  Rendering layout layouts/application.html.erb
  Rendering notes/new.html.erb within layouts/application
  Rendered notes/_form.html.erb (Duration: 5.8ms | Allocations: 1762)
  Rendered notes/new.html.erb within layouts/application (Duration: 7.2ms | Allocations: 1992)
  Rendered layout layouts/application.html.erb (Duration: 13.4ms | Allocations: 5095)
Completed 200 OK in 22ms (Views: 18.5ms | ActiveRecord: 0.0ms | Allocations: 6201)


Started POST "/notes" for 127.0.0.1 at 2023-10-15 12:33:19 +0530
Processing by NotesController#create as TURBO_STREAM
  Parameters: {"authenticity_token"=>"[FILTERED]", "note"=>{"title"=>"jej", "content"=>"<div>jfnsjknsef</div>"}, "commit"=>"Create Note"}
  [1m[36mTRANSACTION (0.1ms)[0m  [1m[36mbegin transaction[0m
  ↳ app/controllers/notes_controller.rb:14:in `create'
  [1m[36mNote Create (0.4ms)[0m  [1m[32mINSERT INTO "notes" ("title", "user_id", "created_at", "updated_at") VALUES (?, ?, ?, ?)[0m  [["title", "jej"], ["user_id", nil], ["created_at", "2023-10-15 07:03:19.345602"], ["updated_at", "2023-10-15 07:03:19.345602"]]
  ↳ app/controllers/notes_controller.rb:14:in `create'
  [1m[36mActionText::RichText Create (0.3ms)[0m  [1m[32mINSERT INTO "action_text_rich_texts" ("name", "body", "record_type", "record_id", "created_at", "updated_at") VALUES (?, ?, ?, ?, ?, ?)[0m  [["name", "content"], ["body", "<div>jfnsjknsef</div>"], ["record_type", "Note"], ["record_id", 4], ["created_at", "2023-10-15 07:03:19.352156"], ["updated_at", "2023-10-15 07:03:19.352156"]]
  ↳ app/controllers/notes_controller.rb:14:in `create'
  [1m[36mActiveStorage::Attachment Load (0.1ms)[0m  [1m[34mSELECT "active_storage_attachments".* FROM "active_storage_attachments" WHERE "active_storage_attachments"."record_id" = ? AND "active_storage_attachments"."record_type" = ? AND "active_storage_attachments"."name" = ?[0m  [["record_id", 4], ["record_type", "ActionText::RichText"], ["name", "embeds"]]
  ↳ app/controllers/notes_controller.rb:14:in `create'
  [1m[36mNote Update (0.2ms)[0m  [1m[33mUPDATE "notes" SET "updated_at" = ? WHERE "notes"."id" = ?[0m  [["updated_at", "2023-10-15 07:03:19.355183"], ["id", 4]]
  ↳ app/controllers/notes_controller.rb:14:in `create'
  [1m[36mTRANSACTION (6.6ms)[0m  [1m[36mcommit transaction[0m
  ↳ app/controllers/notes_controller.rb:14:in `create'
Redirected to http://127.0.0.1:3000/notes/4
Completed 302 Found in 28ms (ActiveRecord: 7.7ms | Allocations: 5801)


Started GET "/notes/4" for 127.0.0.1 at 2023-10-15 12:33:19 +0530
Processing by NotesController#show as TURBO_STREAM
  Parameters: {"id"=>"4"}
  [1m[36mNote Load (0.1ms)[0m  [1m[34mSELECT "notes".* FROM "notes" WHERE "notes"."id" = ? LIMIT ?[0m  [["id", 4], ["LIMIT", 1]]
  ↳ app/controllers/notes_controller.rb:27:in `set_note'
  Rendering layout layouts/application.html.erb
  Rendering notes/show.html.erb within layouts/application
  Rendered notes/show.html.erb within layouts/application (Duration: 4.9ms | Allocations: 3211)
  Rendered layout layouts/application.html.erb (Duration: 5.1ms | Allocations: 3282)
Completed 500 Internal Server Error in 8ms (ActiveRecord: 0.1ms | Allocations: 4116)


  
ActionView::Template::Error (undefined method `each' for #<Note id: 4, title: "jej", user_id: nil, created_at: "2023-10-15 07:03:19.345602000 +0000", updated_at: "2023-10-15 07:03:19.355183000 +0000">):
    1: <h1>NOTES PAGE</h1>
    2: <% @note.each do |note|%>
    3:   <%= note.title %>
    4:   <%= note.content %>
    5: <% end %>
  
app/views/notes/show.html.erb:2
Started GET "/notes/new" for 127.0.0.1 at 2023-10-15 12:34:06 +0530
Processing by NotesController#new as HTML
  Rendering layout layouts/application.html.erb
  Rendering notes/new.html.erb within layouts/application
  Rendered notes/_form.html.erb (Duration: 14.3ms | Allocations: 1762)
  Rendered notes/new.html.erb within layouts/application (Duration: 17.1ms | Allocations: 1992)
  Rendered layout layouts/application.html.erb (Duration: 36.5ms | Allocations: 5094)
Completed 200 OK in 47ms (Views: 43.0ms | ActiveRecord: 0.0ms | Allocations: 6200)


Started GET "/notes/new" for 127.0.0.1 at 2023-10-15 12:34:08 +0530
Processing by NotesController#new as HTML
  Rendering layout layouts/application.html.erb
  Rendering notes/new.html.erb within layouts/application
  Rendered notes/_form.html.erb (Duration: 3.0ms | Allocations: 1438)
  Rendered notes/new.html.erb within layouts/application (Duration: 3.2ms | Allocations: 1494)
  Rendered layout layouts/application.html.erb (Duration: 7.2ms | Allocations: 4268)
Completed 200 OK in 9ms (Views: 7.8ms | ActiveRecord: 0.0ms | Allocations: 4600)


Started POST "/notes" for 127.0.0.1 at 2023-10-15 12:34:13 +0530
Processing by NotesController#create as TURBO_STREAM
  Parameters: {"authenticity_token"=>"[FILTERED]", "note"=>{"title"=>"hey", "content"=>"<div>vhsdbvmshv</div>"}, "commit"=>"Create Note"}
  [1m[36mTRANSACTION (0.1ms)[0m  [1m[36mbegin transaction[0m
  ↳ app/controllers/notes_controller.rb:14:in `create'
  [1m[36mNote Create (0.3ms)[0m  [1m[32mINSERT INTO "notes" ("title", "user_id", "created_at", "updated_at") VALUES (?, ?, ?, ?)[0m  [["title", "hey"], ["user_id", nil], ["created_at", "2023-10-15 07:04:13.915512"], ["updated_at", "2023-10-15 07:04:13.915512"]]
  ↳ app/controllers/notes_controller.rb:14:in `create'
  [1m[36mActionText::RichText Create (0.1ms)[0m  [1m[32mINSERT INTO "action_text_rich_texts" ("name", "body", "record_type", "record_id", "created_at", "updated_at") VALUES (?, ?, ?, ?, ?, ?)[0m  [["name", "content"], ["body", "<div>vhsdbvmshv</div>"], ["record_type", "Note"], ["record_id", 5], ["created_at", "2023-10-15 07:04:13.919367"], ["updated_at", "2023-10-15 07:04:13.919367"]]
  ↳ app/controllers/notes_controller.rb:14:in `create'
  [1m[36mActiveStorage::Attachment Load (0.1ms)[0m  [1m[34mSELECT "active_storage_attachments".* FROM "active_storage_attachments" WHERE "active_storage_attachments"."record_id" = ? AND "active_storage_attachments"."record_type" = ? AND "active_storage_attachments"."name" = ?[0m  [["record_id", 5], ["record_type", "ActionText::RichText"], ["name", "embeds"]]
  ↳ app/controllers/notes_controller.rb:14:in `create'
  [1m[36mNote Update (0.1ms)[0m  [1m[33mUPDATE "notes" SET "updated_at" = ? WHERE "notes"."id" = ?[0m  [["updated_at", "2023-10-15 07:04:13.921091"], ["id", 5]]
  ↳ app/controllers/notes_controller.rb:14:in `create'
  [1m[36mTRANSACTION (6.5ms)[0m  [1m[36mcommit transaction[0m
  ↳ app/controllers/notes_controller.rb:14:in `create'
Redirected to http://127.0.0.1:3000/notes/5
Completed 302 Found in 21ms (ActiveRecord: 7.2ms | Allocations: 5816)


Started GET "/notes/5" for 127.0.0.1 at 2023-10-15 12:34:13 +0530
Processing by NotesController#show as TURBO_STREAM
  Parameters: {"id"=>"5"}
  [1m[36mNote Load (0.2ms)[0m  [1m[34mSELECT "notes".* FROM "notes" WHERE "notes"."id" = ? LIMIT ?[0m  [["id", 5], ["LIMIT", 1]]
  ↳ app/controllers/notes_controller.rb:27:in `set_note'
  Rendering layout layouts/application.html.erb
  Rendering notes/show.html.erb within layouts/application
  [1m[36mActionText::RichText Load (0.3ms)[0m  [1m[34mSELECT "action_text_rich_texts".* FROM "action_text_rich_texts" WHERE "action_text_rich_texts"."record_id" = ? AND "action_text_rich_texts"."record_type" = ? AND "action_text_rich_texts"."name" = ? LIMIT ?[0m  [["record_id", 5], ["record_type", "Note"], ["name", "content"], ["LIMIT", 1]]
  ↳ app/views/notes/show.html.erb:3
  Rendered /home/bacancy/.rvm/gems/ruby-3.0.0/gems/actiontext-7.0.8/app/views/action_text/contents/_content.html.erb within layouts/action_text/contents/_content (Duration: 2.0ms | Allocations: 542)
  Rendered notes/show.html.erb within layouts/application (Duration: 8.4ms | Allocations: 2290)
  Rendered layout layouts/application.html.erb (Duration: 12.7ms | Allocations: 5203)
Completed 200 OK in 17ms (Views: 13.2ms | ActiveRecord: 0.5ms | Allocations: 6070)


  [1m[36mNote Load (0.4ms)[0m  [1m[34mSELECT "notes".* FROM "notes"[0m
Started GET "/notes/5" for 127.0.0.1 at 2023-10-15 12:42:20 +0530
  [1m[36mActiveRecord::SchemaMigration Pluck (0.1ms)[0m  [1m[34mSELECT "schema_migrations"."version" FROM "schema_migrations" ORDER BY "schema_migrations"."version" ASC[0m
Processing by NotesController#show as HTML
  Parameters: {"id"=>"5"}
  [1m[36mNote Load (0.1ms)[0m  [1m[34mSELECT "notes".* FROM "notes" WHERE "notes"."id" = ? LIMIT ?[0m  [["id", 5], ["LIMIT", 1]]
  ↳ app/controllers/notes_controller.rb:38:in `set_note'
  Rendering layout layouts/application.html.erb
  Rendering notes/show.html.erb within layouts/application
  [1m[36mActionText::RichText Load (0.1ms)[0m  [1m[34mSELECT "action_text_rich_texts".* FROM "action_text_rich_texts" WHERE "action_text_rich_texts"."record_id" = ? AND "action_text_rich_texts"."record_type" = ? AND "action_text_rich_texts"."name" = ? LIMIT ?[0m  [["record_id", 5], ["record_type", "Note"], ["name", "content"], ["LIMIT", 1]]
  ↳ app/views/notes/show.html.erb:3
  Rendered /home/bacancy/.rvm/gems/ruby-3.0.0/gems/actiontext-7.0.8/app/views/action_text/contents/_content.html.erb within layouts/action_text/contents/_content (Duration: 1.3ms | Allocations: 629)
  Rendered notes/show.html.erb within layouts/application (Duration: 23.7ms | Allocations: 32480)
  Rendered layout layouts/application.html.erb (Duration: 66.9ms | Allocations: 70697)
Completed 200 OK in 85ms (Views: 68.2ms | ActiveRecord: 1.0ms | Allocations: 97386)


Started GET "/notes/5/edit" for 127.0.0.1 at 2023-10-15 12:42:24 +0530
Processing by NotesController#edit as HTML
  Parameters: {"id"=>"5"}
  Rendering layout layouts/application.html.erb
  Rendering notes/edit.html.erb within layouts/application
  Rendered notes/_form.html.erb (Duration: 9.4ms | Allocations: 5571)
  Rendered notes/edit.html.erb within layouts/application (Duration: 10.8ms | Allocations: 5808)
  Rendered layout layouts/application.html.erb (Duration: 15.3ms | Allocations: 8564)
Completed 200 OK in 18ms (Views: 16.4ms | ActiveRecord: 0.0ms | Allocations: 8940)


Started GET "/notes/5/edit" for 127.0.0.1 at 2023-10-15 12:43:04 +0530
Processing by NotesController#edit as HTML
  Parameters: {"id"=>"5"}
  Rendering layout layouts/application.html.erb
  Rendering notes/edit.html.erb within layouts/application
  Rendered notes/_form.html.erb (Duration: 3.5ms | Allocations: 2876)
  Rendered notes/edit.html.erb within layouts/application (Duration: 3.8ms | Allocations: 2932)
  Rendered layout layouts/application.html.erb (Duration: 9.5ms | Allocations: 5680)
Completed 200 OK in 11ms (Views: 10.5ms | ActiveRecord: 0.0ms | Allocations: 5999)


Started GET "/notes/1/edit" for 127.0.0.1 at 2023-10-15 12:43:15 +0530
Processing by NotesController#edit as HTML
  Parameters: {"id"=>"1"}
  Rendering layout layouts/application.html.erb
  Rendering notes/edit.html.erb within layouts/application
  Rendered notes/_form.html.erb (Duration: 3.7ms | Allocations: 2868)
  Rendered notes/edit.html.erb within layouts/application (Duration: 4.3ms | Allocations: 2924)
  Rendered layout layouts/application.html.erb (Duration: 9.5ms | Allocations: 5672)
Completed 200 OK in 11ms (Views: 10.3ms | ActiveRecord: 0.0ms | Allocations: 5991)


Started GET "/notes/1/edit" for 127.0.0.1 at 2023-10-15 12:43:32 +0530
  
SyntaxError (/home/bacancy/notebook/app/controllers/notes_controller.rb:2: syntax error, unexpected ':', expecting ']'
...ction :set_note, only: [:show :edit :update]
...                              ^
/home/bacancy/notebook/app/controllers/notes_controller.rb:2: syntax error, unexpected ']', expecting `end'
...te, only: [:show :edit :update]
...                              ^
):
  
app/controllers/notes_controller.rb:2: syntax error, unexpected ':', expecting ']'
app/controllers/notes_controller.rb:2: syntax error, unexpected ']', expecting `end'
app/controllers/notes_controller.rb:2: syntax error, unexpected ':', expecting ']'
app/controllers/notes_controller.rb:2: syntax error, unexpected ']', expecting `end'
Started GET "/notes/1/edit" for 127.0.0.1 at 2023-10-15 12:43:44 +0530
  
SyntaxError (/home/bacancy/notebook/app/controllers/notes_controller.rb:2: syntax error, unexpected local variable or method, expecting ']'
...on :set_note, only: [:show edit update]
...                           ^~~~
):
  
app/controllers/notes_controller.rb:2: syntax error, unexpected local variable or method, expecting ']'
app/controllers/notes_controller.rb:2: syntax error, unexpected local variable or method, expecting ']'
Started GET "/notes/1/edit" for 127.0.0.1 at 2023-10-15 12:44:22 +0530
Processing by NotesController#edit as HTML
  Parameters: {"id"=>"1"}
  [1m[36mNote Load (0.1ms)[0m  [1m[34mSELECT "notes".* FROM "notes" WHERE "notes"."id" = ? LIMIT ?[0m  [["id", 1], ["LIMIT", 1]]
  ↳ app/controllers/notes_controller.rb:38:in `set_note'
  Rendering layout layouts/application.html.erb
  Rendering notes/edit.html.erb within layouts/application
  [1m[36mActionText::RichText Load (0.2ms)[0m  [1m[34mSELECT "action_text_rich_texts".* FROM "action_text_rich_texts" WHERE "action_text_rich_texts"."record_id" = ? AND "action_text_rich_texts"."record_type" = ? AND "action_text_rich_texts"."name" = ? LIMIT ?[0m  [["record_id", 1], ["record_type", "Note"], ["name", "content"], ["LIMIT", 1]]
  ↳ app/views/notes/_form.html.erb:9
  Rendered notes/_form.html.erb (Duration: 4.8ms | Allocations: 3319)
  Rendered notes/edit.html.erb within layouts/application (Duration: 5.0ms | Allocations: 3379)
  Rendered layout layouts/application.html.erb (Duration: 15.1ms | Allocations: 19243)
Completed 200 OK in 25ms (Views: 16.2ms | ActiveRecord: 1.1ms | Allocations: 24694)


Started PATCH "/notes/1" for 127.0.0.1 at 2023-10-15 12:44:55 +0530
Processing by NotesController#update as TURBO_STREAM
  Parameters: {"authenticity_token"=>"[FILTERED]", "note"=>{"title"=>"hey1", "content"=>"<div>falnfs snvlsvlsvmlk sfflfdlvmsdlk nkjdnvkjsnfjs</div>"}, "commit"=>"Update Note", "id"=>"1"}
  [1m[36mNote Load (0.1ms)[0m  [1m[34mSELECT "notes".* FROM "notes" WHERE "notes"."id" = ? LIMIT ?[0m  [["id", 1], ["LIMIT", 1]]
  ↳ app/controllers/notes_controller.rb:38:in `set_note'
  [1m[36mTRANSACTION (0.1ms)[0m  [1m[36mbegin transaction[0m
  ↳ app/controllers/notes_controller.rb:28:in `update'
  [1m[36mActionText::RichText Load (0.1ms)[0m  [1m[34mSELECT "action_text_rich_texts".* FROM "action_text_rich_texts" WHERE "action_text_rich_texts"."record_id" = ? AND "action_text_rich_texts"."record_type" = ? AND "action_text_rich_texts"."name" = ? LIMIT ?[0m  [["record_id", 1], ["record_type", "Note"], ["name", "content"], ["LIMIT", 1]]
  ↳ app/controllers/notes_controller.rb:28:in `update'
  Rendered /home/bacancy/.rvm/gems/ruby-3.0.0/gems/actiontext-7.0.8/app/views/action_text/contents/_content.html.erb within layouts/action_text/contents/_content (Duration: 0.5ms | Allocations: 293)
  Rendered /home/bacancy/.rvm/gems/ruby-3.0.0/gems/actiontext-7.0.8/app/views/action_text/contents/_content.html.erb within layouts/action_text/contents/_content (Duration: 0.5ms | Allocations: 277)
  [1m[36mNote Update (0.3ms)[0m  [1m[33mUPDATE "notes" SET "title" = ?, "updated_at" = ? WHERE "notes"."id" = ?[0m  [["title", "hey1"], ["updated_at", "2023-10-15 07:14:55.652334"], ["id", 1]]
  ↳ app/controllers/notes_controller.rb:28:in `update'
  Rendered /home/bacancy/.rvm/gems/ruby-3.0.0/gems/actiontext-7.0.8/app/views/action_text/contents/_content.html.erb within layouts/action_text/contents/_content (Duration: 0.4ms | Allocations: 277)
  Rendered /home/bacancy/.rvm/gems/ruby-3.0.0/gems/actiontext-7.0.8/app/views/action_text/contents/_content.html.erb within layouts/action_text/contents/_content (Duration: 0.4ms | Allocations: 277)
  [1m[36mTRANSACTION (6.0ms)[0m  [1m[36mcommit transaction[0m
  ↳ app/controllers/notes_controller.rb:28:in `update'
Redirected to http://127.0.0.1:3000/notes/1
Completed 302 Found in 20ms (ActiveRecord: 6.5ms | Allocations: 7525)


Started GET "/notes/1" for 127.0.0.1 at 2023-10-15 12:44:55 +0530
Processing by NotesController#show as TURBO_STREAM
  Parameters: {"id"=>"1"}
  [1m[36mNote Load (0.1ms)[0m  [1m[34mSELECT "notes".* FROM "notes" WHERE "notes"."id" = ? LIMIT ?[0m  [["id", 1], ["LIMIT", 1]]
  ↳ app/controllers/notes_controller.rb:38:in `set_note'
  Rendering layout layouts/application.html.erb
  Rendering notes/show.html.erb within layouts/application
  [1m[36mActionText::RichText Load (0.1ms)[0m  [1m[34mSELECT "action_text_rich_texts".* FROM "action_text_rich_texts" WHERE "action_text_rich_texts"."record_id" = ? AND "action_text_rich_texts"."record_type" = ? AND "action_text_rich_texts"."name" = ? LIMIT ?[0m  [["record_id", 1], ["record_type", "Note"], ["name", "content"], ["LIMIT", 1]]
  ↳ app/views/notes/show.html.erb:3
  Rendered /home/bacancy/.rvm/gems/ruby-3.0.0/gems/actiontext-7.0.8/app/views/action_text/contents/_content.html.erb within layouts/action_text/contents/_content (Duration: 0.5ms | Allocations: 277)
  Rendered notes/show.html.erb within layouts/application (Duration: 2.8ms | Allocations: 1465)
  Rendered layout layouts/application.html.erb (Duration: 5.6ms | Allocations: 4379)
Completed 200 OK in 7ms (Views: 6.0ms | ActiveRecord: 0.2ms | Allocations: 5194)


Started GET "/notes/1" for 127.0.0.1 at 2023-10-15 12:49:49 +0530
Processing by NotesController#show as HTML
  Parameters: {"id"=>"1"}
  [1m[36mNote Load (0.2ms)[0m  [1m[34mSELECT "notes".* FROM "notes" WHERE "notes"."id" = ? LIMIT ?[0m  [["id", 1], ["LIMIT", 1]]
  ↳ app/controllers/notes_controller.rb:42:in `set_note'
  Rendering layout layouts/application.html.erb
  Rendering notes/show.html.erb within layouts/application
  [1m[36mActionText::RichText Load (0.1ms)[0m  [1m[34mSELECT "action_text_rich_texts".* FROM "action_text_rich_texts" WHERE "action_text_rich_texts"."record_id" = ? AND "action_text_rich_texts"."record_type" = ? AND "action_text_rich_texts"."name" = ? LIMIT ?[0m  [["record_id", 1], ["record_type", "Note"], ["name", "content"], ["LIMIT", 1]]
  ↳ app/views/notes/show.html.erb:3
  Rendered /home/bacancy/.rvm/gems/ruby-3.0.0/gems/actiontext-7.0.8/app/views/action_text/contents/_content.html.erb within layouts/action_text/contents/_content (Duration: 1.0ms | Allocations: 530)
  Rendered notes/show.html.erb within layouts/application (Duration: 5.0ms | Allocations: 3171)
  Rendered layout layouts/application.html.erb (Duration: 17.4ms | Allocations: 19289)
Completed 200 OK in 26ms (Views: 18.5ms | ActiveRecord: 1.0ms | Allocations: 25073)


Started DELETE "/notes/1" for 127.0.0.1 at 2023-10-15 12:49:51 +0530
Processing by NotesController#destroy as TURBO_STREAM
  Parameters: {"authenticity_token"=>"[FILTERED]", "id"=>"1"}
  [1m[36mNote Load (0.3ms)[0m  [1m[34mSELECT "notes".* FROM "notes" WHERE "notes"."id" = ? LIMIT ?[0m  [["id", 1], ["LIMIT", 1]]
  ↳ app/controllers/notes_controller.rb:42:in `set_note'
  [1m[36mTRANSACTION (0.2ms)[0m  [1m[36mbegin transaction[0m
  ↳ app/controllers/notes_controller.rb:36:in `destroy'
  [1m[36mActionText::RichText Load (0.3ms)[0m  [1m[34mSELECT "action_text_rich_texts".* FROM "action_text_rich_texts" WHERE "action_text_rich_texts"."record_id" = ? AND "action_text_rich_texts"."record_type" = ? AND "action_text_rich_texts"."name" = ? LIMIT ?[0m  [["record_id", 1], ["record_type", "Note"], ["name", "content"], ["LIMIT", 1]]
  ↳ app/controllers/notes_controller.rb:36:in `destroy'
  [1m[36mActiveStorage::Attachment Load (0.1ms)[0m  [1m[34mSELECT "active_storage_attachments".* FROM "active_storage_attachments" WHERE "active_storage_attachments"."record_id" = ? AND "active_storage_attachments"."record_type" = ? AND "active_storage_attachments"."name" = ?[0m  [["record_id", 1], ["record_type", "ActionText::RichText"], ["name", "embeds"]]
  ↳ app/controllers/notes_controller.rb:36:in `destroy'
  [1m[36mActionText::RichText Destroy (0.2ms)[0m  [1m[31mDELETE FROM "action_text_rich_texts" WHERE "action_text_rich_texts"."id" = ?[0m  [["id", 1]]
  ↳ app/controllers/notes_controller.rb:36:in `destroy'
  [1m[36mNote Destroy (0.1ms)[0m  [1m[31mDELETE FROM "notes" WHERE "notes"."id" = ?[0m  [["id", 1]]
  ↳ app/controllers/notes_controller.rb:36:in `destroy'
  [1m[36mTRANSACTION (5.5ms)[0m  [1m[36mcommit transaction[0m
  ↳ app/controllers/notes_controller.rb:36:in `destroy'
Redirected to http://127.0.0.1:3000/notes
Completed 302 Found in 38ms (ActiveRecord: 7.1ms | Allocations: 12342)


Started GET "/notes" for 127.0.0.1 at 2023-10-15 12:49:51 +0530
Processing by NotesController#index as TURBO_STREAM
  Rendering layout layouts/application.html.erb
  Rendering notes/index.html.erb within layouts/application
  [1m[36mNote Load (0.1ms)[0m  [1m[34mSELECT "notes".* FROM "notes"[0m
  ↳ app/views/notes/index.html.erb:2
  [1m[36mActionText::RichText Load (0.1ms)[0m  [1m[34mSELECT "action_text_rich_texts".* FROM "action_text_rich_texts" WHERE "action_text_rich_texts"."record_id" = ? AND "action_text_rich_texts"."record_type" = ? AND "action_text_rich_texts"."name" = ? LIMIT ?[0m  [["record_id", 2], ["record_type", "Note"], ["name", "content"], ["LIMIT", 1]]
  ↳ app/views/notes/index.html.erb:4
  Rendered /home/bacancy/.rvm/gems/ruby-3.0.0/gems/actiontext-7.0.8/app/views/action_text/contents/_content.html.erb within layouts/action_text/contents/_content (Duration: 0.4ms | Allocations: 276)
  [1m[36mActionText::RichText Load (0.1ms)[0m  [1m[34mSELECT "action_text_rich_texts".* FROM "action_text_rich_texts" WHERE "action_text_rich_texts"."record_id" = ? AND "action_text_rich_texts"."record_type" = ? AND "action_text_rich_texts"."name" = ? LIMIT ?[0m  [["record_id", 3], ["record_type", "Note"], ["name", "content"], ["LIMIT", 1]]
  ↳ app/views/notes/index.html.erb:4
  Rendered /home/bacancy/.rvm/gems/ruby-3.0.0/gems/actiontext-7.0.8/app/views/action_text/contents/_content.html.erb within layouts/action_text/contents/_content (Duration: 0.3ms | Allocations: 277)
  [1m[36mActionText::RichText Load (0.1ms)[0m  [1m[34mSELECT "action_text_rich_texts".* FROM "action_text_rich_texts" WHERE "action_text_rich_texts"."record_id" = ? AND "action_text_rich_texts"."record_type" = ? AND "action_text_rich_texts"."name" = ? LIMIT ?[0m  [["record_id", 4], ["record_type", "Note"], ["name", "content"], ["LIMIT", 1]]
  ↳ app/views/notes/index.html.erb:4
  Rendered /home/bacancy/.rvm/gems/ruby-3.0.0/gems/actiontext-7.0.8/app/views/action_text/contents/_content.html.erb within layouts/action_text/contents/_content (Duration: 0.4ms | Allocations: 276)
  [1m[36mActionText::RichText Load (0.1ms)[0m  [1m[34mSELECT "action_text_rich_texts".* FROM "action_text_rich_texts" WHERE "action_text_rich_texts"."record_id" = ? AND "action_text_rich_texts"."record_type" = ? AND "action_text_rich_texts"."name" = ? LIMIT ?[0m  [["record_id", 5], ["record_type", "Note"], ["name", "content"], ["LIMIT", 1]]
  ↳ app/views/notes/index.html.erb:4
  Rendered /home/bacancy/.rvm/gems/ruby-3.0.0/gems/actiontext-7.0.8/app/views/action_text/contents/_content.html.erb within layouts/action_text/contents/_content (Duration: 0.3ms | Allocations: 276)
  Rendered notes/index.html.erb within layouts/application (Duration: 9.4ms | Allocations: 6609)
  Rendered layout layouts/application.html.erb (Duration: 12.1ms | Allocations: 9545)
Completed 200 OK in 13ms (Views: 12.1ms | ActiveRecord: 0.4ms | Allocations: 9980)


Started GET "/notes" for 127.0.0.1 at 2023-10-15 12:56:50 +0530
Processing by NotesController#index as HTML
  Rendering layout layouts/application.html.erb
  Rendering notes/index.html.erb within layouts/application
  [1m[36mNote Load (0.1ms)[0m  [1m[34mSELECT "notes".* FROM "notes"[0m
  ↳ app/views/notes/index.html.erb:2
  [1m[36mActionText::RichText Load (0.1ms)[0m  [1m[34mSELECT "action_text_rich_texts".* FROM "action_text_rich_texts" WHERE "action_text_rich_texts"."record_id" = ? AND "action_text_rich_texts"."record_type" = ? AND "action_text_rich_texts"."name" = ? LIMIT ?[0m  [["record_id", 2], ["record_type", "Note"], ["name", "content"], ["LIMIT", 1]]
  ↳ app/views/notes/index.html.erb:4
  Rendered /home/bacancy/.rvm/gems/ruby-3.0.0/gems/actiontext-7.0.8/app/views/action_text/contents/_content.html.erb within layouts/action_text/contents/_content (Duration: 1.6ms | Allocations: 528)
  [1m[36mActionText::RichText Load (0.1ms)[0m  [1m[34mSELECT "action_text_rich_texts".* FROM "action_text_rich_texts" WHERE "action_text_rich_texts"."record_id" = ? AND "action_text_rich_texts"."record_type" = ? AND "action_text_rich_texts"."name" = ? LIMIT ?[0m  [["record_id", 3], ["record_type", "Note"], ["name", "content"], ["LIMIT", 1]]
  ↳ app/views/notes/index.html.erb:4
  Rendered /home/bacancy/.rvm/gems/ruby-3.0.0/gems/actiontext-7.0.8/app/views/action_text/contents/_content.html.erb within layouts/action_text/contents/_content (Duration: 0.6ms | Allocations: 277)
  [1m[36mActionText::RichText Load (0.1ms)[0m  [1m[34mSELECT "action_text_rich_texts".* FROM "action_text_rich_texts" WHERE "action_text_rich_texts"."record_id" = ? AND "action_text_rich_texts"."record_type" = ? AND "action_text_rich_texts"."name" = ? LIMIT ?[0m  [["record_id", 4], ["record_type", "Note"], ["name", "content"], ["LIMIT", 1]]
  ↳ app/views/notes/index.html.erb:4
  Rendered /home/bacancy/.rvm/gems/ruby-3.0.0/gems/actiontext-7.0.8/app/views/action_text/contents/_content.html.erb within layouts/action_text/contents/_content (Duration: 0.5ms | Allocations: 276)
  [1m[36mActionText::RichText Load (0.1ms)[0m  [1m[34mSELECT "action_text_rich_texts".* FROM "action_text_rich_texts" WHERE "action_text_rich_texts"."record_id" = ? AND "action_text_rich_texts"."record_type" = ? AND "action_text_rich_texts"."name" = ? LIMIT ?[0m  [["record_id", 5], ["record_type", "Note"], ["name", "content"], ["LIMIT", 1]]
  ↳ app/views/notes/index.html.erb:4
  Rendered /home/bacancy/.rvm/gems/ruby-3.0.0/gems/actiontext-7.0.8/app/views/action_text/contents/_content.html.erb within layouts/action_text/contents/_content (Duration: 0.5ms | Allocations: 276)
  Rendered notes/index.html.erb within layouts/application (Duration: 17.2ms | Allocations: 7379)
  Rendered layout layouts/application.html.erb (Duration: 22.3ms | Allocations: 10627)
Completed 200 OK in 25ms (Views: 23.1ms | ActiveRecord: 0.9ms | Allocations: 11734)


Started GET "/" for 127.0.0.1 at 2023-10-15 12:56:55 +0530
Processing by Rails::WelcomeController#index as HTML
  Rendering /home/bacancy/.rvm/gems/ruby-3.0.0/gems/railties-7.0.8/lib/rails/templates/rails/welcome/index.html.erb
  Rendered /home/bacancy/.rvm/gems/ruby-3.0.0/gems/railties-7.0.8/lib/rails/templates/rails/welcome/index.html.erb (Duration: 0.9ms | Allocations: 457)
Completed 200 OK in 3ms (Views: 2.0ms | ActiveRecord: 0.0ms | Allocations: 1375)


Started GET "/notes" for 127.0.0.1 at 2023-10-15 12:57:10 +0530
Processing by NotesController#index as HTML
  Rendering layout layouts/application.html.erb
  Rendering notes/index.html.erb within layouts/application
  [1m[36mNote Load (0.2ms)[0m  [1m[34mSELECT "notes".* FROM "notes"[0m
  ↳ app/views/notes/index.html.erb:2
  [1m[36mActionText::RichText Load (0.1ms)[0m  [1m[34mSELECT "action_text_rich_texts".* FROM "action_text_rich_texts" WHERE "action_text_rich_texts"."record_id" = ? AND "action_text_rich_texts"."record_type" = ? AND "action_text_rich_texts"."name" = ? LIMIT ?[0m  [["record_id", 2], ["record_type", "Note"], ["name", "content"], ["LIMIT", 1]]
  ↳ app/views/notes/index.html.erb:4
  Rendered /home/bacancy/.rvm/gems/ruby-3.0.0/gems/actiontext-7.0.8/app/views/action_text/contents/_content.html.erb within layouts/action_text/contents/_content (Duration: 1.4ms | Allocations: 528)
  [1m[36mActionText::RichText Load (0.1ms)[0m  [1m[34mSELECT "action_text_rich_texts".* FROM "action_text_rich_texts" WHERE "action_text_rich_texts"."record_id" = ? AND "action_text_rich_texts"."record_type" = ? AND "action_text_rich_texts"."name" = ? LIMIT ?[0m  [["record_id", 3], ["record_type", "Note"], ["name", "content"], ["LIMIT", 1]]
  ↳ app/views/notes/index.html.erb:4
  Rendered /home/bacancy/.rvm/gems/ruby-3.0.0/gems/actiontext-7.0.8/app/views/action_text/contents/_content.html.erb within layouts/action_text/contents/_content (Duration: 0.4ms | Allocations: 277)
  [1m[36mActionText::RichText Load (0.1ms)[0m  [1m[34mSELECT "action_text_rich_texts".* FROM "action_text_rich_texts" WHERE "action_text_rich_texts"."record_id" = ? AND "action_text_rich_texts"."record_type" = ? AND "action_text_rich_texts"."name" = ? LIMIT ?[0m  [["record_id", 4], ["record_type", "Note"], ["name", "content"], ["LIMIT", 1]]
  ↳ app/views/notes/index.html.erb:4
  Rendered /home/bacancy/.rvm/gems/ruby-3.0.0/gems/actiontext-7.0.8/app/views/action_text/contents/_content.html.erb within layouts/action_text/contents/_content (Duration: 0.4ms | Allocations: 276)
  [1m[36mActionText::RichText Load (0.1ms)[0m  [1m[34mSELECT "action_text_rich_texts".* FROM "action_text_rich_texts" WHERE "action_text_rich_texts"."record_id" = ? AND "action_text_rich_texts"."record_type" = ? AND "action_text_rich_texts"."name" = ? LIMIT ?[0m  [["record_id", 5], ["record_type", "Note"], ["name", "content"], ["LIMIT", 1]]
  ↳ app/views/notes/index.html.erb:4
  Rendered /home/bacancy/.rvm/gems/ruby-3.0.0/gems/actiontext-7.0.8/app/views/action_text/contents/_content.html.erb within layouts/action_text/contents/_content (Duration: 0.5ms | Allocations: 276)
  Rendered notes/index.html.erb within layouts/application (Duration: 15.2ms | Allocations: 7201)
  Rendered layout layouts/application.html.erb (Duration: 19.0ms | Allocations: 10462)
Completed 200 OK in 23ms (Views: 20.4ms | ActiveRecord: 0.5ms | Allocations: 11566)


Started GET "/notes/new" for 127.0.0.1 at 2023-10-15 12:57:13 +0530
Processing by NotesController#new as HTML
  Rendering layout layouts/application.html.erb
  Rendering notes/new.html.erb within layouts/application
  Rendered notes/_form.html.erb (Duration: 10.8ms | Allocations: 1871)
  Rendered notes/new.html.erb within layouts/application (Duration: 12.9ms | Allocations: 2100)
  Rendered layout layouts/application.html.erb (Duration: 22.7ms | Allocations: 4847)
Completed 200 OK in 26ms (Views: 24.1ms | ActiveRecord: 0.0ms | Allocations: 5256)


Started GET "/notes/new" for 127.0.0.1 at 2023-10-15 12:57:42 +0530
Processing by NotesController#new as HTML
  Rendering layout layouts/application.html.erb
  Rendering notes/new.html.erb within layouts/application
  Rendered notes/_form.html.erb (Duration: 6.7ms | Allocations: 1432)
  Rendered notes/new.html.erb within layouts/application (Duration: 7.6ms | Allocations: 1488)
  Rendered layout layouts/application.html.erb (Duration: 14.8ms | Allocations: 4235)
Completed 200 OK in 17ms (Views: 16.1ms | ActiveRecord: 0.0ms | Allocations: 4571)


Started POST "/notes" for 127.0.0.1 at 2023-10-15 12:57:44 +0530
Processing by NotesController#create as TURBO_STREAM
  Parameters: {"authenticity_token"=>"[FILTERED]", "note"=>{"title"=>"", "content"=>""}, "commit"=>"Create Note"}
  [1m[36mTRANSACTION (0.1ms)[0m  [1m[36mbegin transaction[0m
  ↳ app/controllers/notes_controller.rb:14:in `create'
  [1m[36mNote Create (0.2ms)[0m  [1m[32mINSERT INTO "notes" ("title", "user_id", "created_at", "updated_at") VALUES (?, ?, ?, ?)[0m  [["title", ""], ["user_id", nil], ["created_at", "2023-10-15 07:27:44.555489"], ["updated_at", "2023-10-15 07:27:44.555489"]]
  ↳ app/controllers/notes_controller.rb:14:in `create'
  [1m[36mActionText::RichText Create (0.1ms)[0m  [1m[32mINSERT INTO "action_text_rich_texts" ("name", "body", "record_type", "record_id", "created_at", "updated_at") VALUES (?, ?, ?, ?, ?, ?)[0m  [["name", "content"], ["body", ""], ["record_type", "Note"], ["record_id", 6], ["created_at", "2023-10-15 07:27:44.558517"], ["updated_at", "2023-10-15 07:27:44.558517"]]
  ↳ app/controllers/notes_controller.rb:14:in `create'
  [1m[36mNote Update (0.1ms)[0m  [1m[33mUPDATE "notes" SET "updated_at" = ? WHERE "notes"."id" = ?[0m  [["updated_at", "2023-10-15 07:27:44.560206"], ["id", 6]]
  ↳ app/controllers/notes_controller.rb:14:in `create'
  [1m[36mTRANSACTION (8.3ms)[0m  [1m[36mcommit transaction[0m
  ↳ app/controllers/notes_controller.rb:14:in `create'
Redirected to http://127.0.0.1:3000/notes/6
Completed 302 Found in 21ms (ActiveRecord: 8.8ms | Allocations: 5330)


Started GET "/notes/6" for 127.0.0.1 at 2023-10-15 12:57:44 +0530
Processing by NotesController#show as TURBO_STREAM
  Parameters: {"id"=>"6"}
  [1m[36mNote Load (0.3ms)[0m  [1m[34mSELECT "notes".* FROM "notes" WHERE "notes"."id" = ? LIMIT ?[0m  [["id", 6], ["LIMIT", 1]]
  ↳ app/controllers/notes_controller.rb:42:in `set_note'
  Rendering layout layouts/application.html.erb
  Rendering notes/show.html.erb within layouts/application
  [1m[36mActionText::RichText Load (0.1ms)[0m  [1m[34mSELECT "action_text_rich_texts".* FROM "action_text_rich_texts" WHERE "action_text_rich_texts"."record_id" = ? AND "action_text_rich_texts"."record_type" = ? AND "action_text_rich_texts"."name" = ? LIMIT ?[0m  [["record_id", 6], ["record_type", "Note"], ["name", "content"], ["LIMIT", 1]]
  ↳ app/views/notes/show.html.erb:3
  Rendered /home/bacancy/.rvm/gems/ruby-3.0.0/gems/actiontext-7.0.8/app/views/action_text/contents/_content.html.erb within layouts/action_text/contents/_content (Duration: 0.1ms | Allocations: 52)
  Rendered notes/show.html.erb within layouts/application (Duration: 5.1ms | Allocations: 1804)
  Rendered layout layouts/application.html.erb (Duration: 10.2ms | Allocations: 4544)
Completed 200 OK in 15ms (Views: 10.9ms | ActiveRecord: 0.4ms | Allocations: 5436)


Started GET "/notes" for 127.0.0.1 at 2023-10-15 12:57:48 +0530
Processing by NotesController#index as HTML
  Rendering layout layouts/application.html.erb
  Rendering notes/index.html.erb within layouts/application
  [1m[36mNote Load (0.3ms)[0m  [1m[34mSELECT "notes".* FROM "notes"[0m
  ↳ app/views/notes/index.html.erb:2
  [1m[36mActionText::RichText Load (0.3ms)[0m  [1m[34mSELECT "action_text_rich_texts".* FROM "action_text_rich_texts" WHERE "action_text_rich_texts"."record_id" = ? AND "action_text_rich_texts"."record_type" = ? AND "action_text_rich_texts"."name" = ? LIMIT ?[0m  [["record_id", 2], ["record_type", "Note"], ["name", "content"], ["LIMIT", 1]]
  ↳ app/views/notes/index.html.erb:4
  Rendered /home/bacancy/.rvm/gems/ruby-3.0.0/gems/actiontext-7.0.8/app/views/action_text/contents/_content.html.erb within layouts/action_text/contents/_content (Duration: 1.7ms | Allocations: 276)
  [1m[36mActionText::RichText Load (0.3ms)[0m  [1m[34mSELECT "action_text_rich_texts".* FROM "action_text_rich_texts" WHERE "action_text_rich_texts"."record_id" = ? AND "action_text_rich_texts"."record_type" = ? AND "action_text_rich_texts"."name" = ? LIMIT ?[0m  [["record_id", 3], ["record_type", "Note"], ["name", "content"], ["LIMIT", 1]]
  ↳ app/views/notes/index.html.erb:4
  Rendered /home/bacancy/.rvm/gems/ruby-3.0.0/gems/actiontext-7.0.8/app/views/action_text/contents/_content.html.erb within layouts/action_text/contents/_content (Duration: 1.5ms | Allocations: 277)
  [1m[36mActionText::RichText Load (0.2ms)[0m  [1m[34mSELECT "action_text_rich_texts".* FROM "action_text_rich_texts" WHERE "action_text_rich_texts"."record_id" = ? AND "action_text_rich_texts"."record_type" = ? AND "action_text_rich_texts"."name" = ? LIMIT ?[0m  [["record_id", 4], ["record_type", "Note"], ["name", "content"], ["LIMIT", 1]]
  ↳ app/views/notes/index.html.erb:4
  Rendered /home/bacancy/.rvm/gems/ruby-3.0.0/gems/actiontext-7.0.8/app/views/action_text/contents/_content.html.erb within layouts/action_text/contents/_content (Duration: 0.8ms | Allocations: 276)
  [1m[36mActionText::RichText Load (0.1ms)[0m  [1m[34mSELECT "action_text_rich_texts".* FROM "action_text_rich_texts" WHERE "action_text_rich_texts"."record_id" = ? AND "action_text_rich_texts"."record_type" = ? AND "action_text_rich_texts"."name" = ? LIMIT ?[0m  [["record_id", 5], ["record_type", "Note"], ["name", "content"], ["LIMIT", 1]]
  ↳ app/views/notes/index.html.erb:4
  Rendered /home/bacancy/.rvm/gems/ruby-3.0.0/gems/actiontext-7.0.8/app/views/action_text/contents/_content.html.erb within layouts/action_text/contents/_content (Duration: 0.7ms | Allocations: 276)
  [1m[36mActionText::RichText Load (0.1ms)[0m  [1m[34mSELECT "action_text_rich_texts".* FROM "action_text_rich_texts" WHERE "action_text_rich_texts"."record_id" = ? AND "action_text_rich_texts"."record_type" = ? AND "action_text_rich_texts"."name" = ? LIMIT ?[0m  [["record_id", 6], ["record_type", "Note"], ["name", "content"], ["LIMIT", 1]]
  ↳ app/views/notes/index.html.erb:4
  Rendered /home/bacancy/.rvm/gems/ruby-3.0.0/gems/actiontext-7.0.8/app/views/action_text/contents/_content.html.erb within layouts/action_text/contents/_content (Duration: 0.1ms | Allocations: 52)
  Rendered notes/index.html.erb within layouts/application (Duration: 34.7ms | Allocations: 7571)
  Rendered layout layouts/application.html.erb (Duration: 38.3ms | Allocations: 10490)
Completed 200 OK in 41ms (Views: 38.6ms | ActiveRecord: 1.3ms | Allocations: 10820)


Started GET "/notes" for 127.0.0.1 at 2023-10-15 12:59:09 +0530
Processing by NotesController#index as HTML
  Rendering layout layouts/application.html.erb
  Rendering notes/index.html.erb within layouts/application
  [1m[36mNote Load (0.1ms)[0m  [1m[34mSELECT "notes".* FROM "notes"[0m
  ↳ app/views/notes/index.html.erb:3
  [1m[36mActionText::RichText Load (0.1ms)[0m  [1m[34mSELECT "action_text_rich_texts".* FROM "action_text_rich_texts" WHERE "action_text_rich_texts"."record_id" = ? AND "action_text_rich_texts"."record_type" = ? AND "action_text_rich_texts"."name" = ? LIMIT ?[0m  [["record_id", 2], ["record_type", "Note"], ["name", "content"], ["LIMIT", 1]]
  ↳ app/views/notes/index.html.erb:6
  Rendered /home/bacancy/.rvm/gems/ruby-3.0.0/gems/actiontext-7.0.8/app/views/action_text/contents/_content.html.erb within layouts/action_text/contents/_content (Duration: 1.6ms | Allocations: 528)
  [1m[36mActionText::RichText Load (0.1ms)[0m  [1m[34mSELECT "action_text_rich_texts".* FROM "action_text_rich_texts" WHERE "action_text_rich_texts"."record_id" = ? AND "action_text_rich_texts"."record_type" = ? AND "action_text_rich_texts"."name" = ? LIMIT ?[0m  [["record_id", 3], ["record_type", "Note"], ["name", "content"], ["LIMIT", 1]]
  ↳ app/views/notes/index.html.erb:6
  Rendered /home/bacancy/.rvm/gems/ruby-3.0.0/gems/actiontext-7.0.8/app/views/action_text/contents/_content.html.erb within layouts/action_text/contents/_content (Duration: 0.6ms | Allocations: 277)
  [1m[36mActionText::RichText Load (0.1ms)[0m  [1m[34mSELECT "action_text_rich_texts".* FROM "action_text_rich_texts" WHERE "action_text_rich_texts"."record_id" = ? AND "action_text_rich_texts"."record_type" = ? AND "action_text_rich_texts"."name" = ? LIMIT ?[0m  [["record_id", 4], ["record_type", "Note"], ["name", "content"], ["LIMIT", 1]]
  ↳ app/views/notes/index.html.erb:6
  Rendered /home/bacancy/.rvm/gems/ruby-3.0.0/gems/actiontext-7.0.8/app/views/action_text/contents/_content.html.erb within layouts/action_text/contents/_content (Duration: 0.6ms | Allocations: 276)
  [1m[36mActionText::RichText Load (0.1ms)[0m  [1m[34mSELECT "action_text_rich_texts".* FROM "action_text_rich_texts" WHERE "action_text_rich_texts"."record_id" = ? AND "action_text_rich_texts"."record_type" = ? AND "action_text_rich_texts"."name" = ? LIMIT ?[0m  [["record_id", 5], ["record_type", "Note"], ["name", "content"], ["LIMIT", 1]]
  ↳ app/views/notes/index.html.erb:6
  Rendered /home/bacancy/.rvm/gems/ruby-3.0.0/gems/actiontext-7.0.8/app/views/action_text/contents/_content.html.erb within layouts/action_text/contents/_content (Duration: 0.5ms | Allocations: 276)
  [1m[36mActionText::RichText Load (0.1ms)[0m  [1m[34mSELECT "action_text_rich_texts".* FROM "action_text_rich_texts" WHERE "action_text_rich_texts"."record_id" = ? AND "action_text_rich_texts"."record_type" = ? AND "action_text_rich_texts"."name" = ? LIMIT ?[0m  [["record_id", 6], ["record_type", "Note"], ["name", "content"], ["LIMIT", 1]]
  ↳ app/views/notes/index.html.erb:6
  Rendered /home/bacancy/.rvm/gems/ruby-3.0.0/gems/actiontext-7.0.8/app/views/action_text/contents/_content.html.erb within layouts/action_text/contents/_content (Duration: 0.1ms | Allocations: 52)
  Rendered notes/index.html.erb within layouts/application (Duration: 19.1ms | Allocations: 8369)
  Rendered layout layouts/application.html.erb (Duration: 33.2ms | Allocations: 16036)
Completed 200 OK in 36ms (Views: 34.3ms | ActiveRecord: 0.6ms | Allocations: 17140)


Started GET "/notes" for 127.0.0.1 at 2023-10-15 12:59:10 +0530
Processing by NotesController#index as HTML
  Rendering layout layouts/application.html.erb
  Rendering notes/index.html.erb within layouts/application
  [1m[36mNote Load (0.3ms)[0m  [1m[34mSELECT "notes".* FROM "notes"[0m
  ↳ app/views/notes/index.html.erb:3
  [1m[36mActionText::RichText Load (0.2ms)[0m  [1m[34mSELECT "action_text_rich_texts".* FROM "action_text_rich_texts" WHERE "action_text_rich_texts"."record_id" = ? AND "action_text_rich_texts"."record_type" = ? AND "action_text_rich_texts"."name" = ? LIMIT ?[0m  [["record_id", 2], ["record_type", "Note"], ["name", "content"], ["LIMIT", 1]]
  ↳ app/views/notes/index.html.erb:6
  Rendered /home/bacancy/.rvm/gems/ruby-3.0.0/gems/actiontext-7.0.8/app/views/action_text/contents/_content.html.erb within layouts/action_text/contents/_content (Duration: 1.4ms | Allocations: 276)
  [1m[36mActionText::RichText Load (0.3ms)[0m  [1m[34mSELECT "action_text_rich_texts".* FROM "action_text_rich_texts" WHERE "action_text_rich_texts"."record_id" = ? AND "action_text_rich_texts"."record_type" = ? AND "action_text_rich_texts"."name" = ? LIMIT ?[0m  [["record_id", 3], ["record_type", "Note"], ["name", "content"], ["LIMIT", 1]]
  ↳ app/views/notes/index.html.erb:6
  Rendered /home/bacancy/.rvm/gems/ruby-3.0.0/gems/actiontext-7.0.8/app/views/action_text/contents/_content.html.erb within layouts/action_text/contents/_content (Duration: 0.9ms | Allocations: 277)
  [1m[36mActionText::RichText Load (0.2ms)[0m  [1m[34mSELECT "action_text_rich_texts".* FROM "action_text_rich_texts" WHERE "action_text_rich_texts"."record_id" = ? AND "action_text_rich_texts"."record_type" = ? AND "action_text_rich_texts"."name" = ? LIMIT ?[0m  [["record_id", 4], ["record_type", "Note"], ["name", "content"], ["LIMIT", 1]]
  ↳ app/views/notes/index.html.erb:6
  Rendered /home/bacancy/.rvm/gems/ruby-3.0.0/gems/actiontext-7.0.8/app/views/action_text/contents/_content.html.erb within layouts/action_text/contents/_content (Duration: 0.8ms | Allocations: 276)
  [1m[36mActionText::RichText Load (0.1ms)[0m  [1m[34mSELECT "action_text_rich_texts".* FROM "action_text_rich_texts" WHERE "action_text_rich_texts"."record_id" = ? AND "action_text_rich_texts"."record_type" = ? AND "action_text_rich_texts"."name" = ? LIMIT ?[0m  [["record_id", 5], ["record_type", "Note"], ["name", "content"], ["LIMIT", 1]]
  ↳ app/views/notes/index.html.erb:6
  Rendered /home/bacancy/.rvm/gems/ruby-3.0.0/gems/actiontext-7.0.8/app/views/action_text/contents/_content.html.erb within layouts/action_text/contents/_content (Duration: 0.6ms | Allocations: 276)
  [1m[36mActionText::RichText Load (0.1ms)[0m  [1m[34mSELECT "action_text_rich_texts".* FROM "action_text_rich_texts" WHERE "action_text_rich_texts"."record_id" = ? AND "action_text_rich_texts"."record_type" = ? AND "action_text_rich_texts"."name" = ? LIMIT ?[0m  [["record_id", 6], ["record_type", "Note"], ["name", "content"], ["LIMIT", 1]]
  ↳ app/views/notes/index.html.erb:6
  Rendered /home/bacancy/.rvm/gems/ruby-3.0.0/gems/actiontext-7.0.8/app/views/action_text/contents/_content.html.erb within layouts/action_text/contents/_content (Duration: 0.2ms | Allocations: 52)
  Rendered notes/index.html.erb within layouts/application (Duration: 29.4ms | Allocations: 7582)
  Rendered layout layouts/application.html.erb (Duration: 33.4ms | Allocations: 10538)
Completed 200 OK in 36ms (Views: 33.5ms | ActiveRecord: 1.3ms | Allocations: 10867)


Started GET "/notes" for 127.0.0.1 at 2023-10-15 13:00:26 +0530
  [1m[36mActiveRecord::SchemaMigration Pluck (0.1ms)[0m  [1m[34mSELECT "schema_migrations"."version" FROM "schema_migrations" ORDER BY "schema_migrations"."version" ASC[0m
Processing by NotesController#index as HTML
  Rendering layout layouts/application.html.erb
  Rendering notes/index.html.erb within layouts/application
  [1m[36mNote Load (0.1ms)[0m  [1m[34mSELECT "notes".* FROM "notes"[0m
  ↳ app/views/notes/index.html.erb:3
  [1m[36mActionText::RichText Load (0.1ms)[0m  [1m[34mSELECT "action_text_rich_texts".* FROM "action_text_rich_texts" WHERE "action_text_rich_texts"."record_id" = ? AND "action_text_rich_texts"."record_type" = ? AND "action_text_rich_texts"."name" = ? LIMIT ?[0m  [["record_id", 2], ["record_type", "Note"], ["name", "content"], ["LIMIT", 1]]
  ↳ app/views/notes/index.html.erb:6
  Rendered /home/bacancy/.rvm/gems/ruby-3.0.0/gems/actiontext-7.0.8/app/views/action_text/contents/_content.html.erb within layouts/action_text/contents/_content (Duration: 1.1ms | Allocations: 629)
  [1m[36mActionText::RichText Load (0.1ms)[0m  [1m[34mSELECT "action_text_rich_texts".* FROM "action_text_rich_texts" WHERE "action_text_rich_texts"."record_id" = ? AND "action_text_rich_texts"."record_type" = ? AND "action_text_rich_texts"."name" = ? LIMIT ?[0m  [["record_id", 3], ["record_type", "Note"], ["name", "content"], ["LIMIT", 1]]
  ↳ app/views/notes/index.html.erb:6
  Rendered /home/bacancy/.rvm/gems/ruby-3.0.0/gems/actiontext-7.0.8/app/views/action_text/contents/_content.html.erb within layouts/action_text/contents/_content (Duration: 0.3ms | Allocations: 277)
  [1m[36mActionText::RichText Load (0.1ms)[0m  [1m[34mSELECT "action_text_rich_texts".* FROM "action_text_rich_texts" WHERE "action_text_rich_texts"."record_id" = ? AND "action_text_rich_texts"."record_type" = ? AND "action_text_rich_texts"."name" = ? LIMIT ?[0m  [["record_id", 4], ["record_type", "Note"], ["name", "content"], ["LIMIT", 1]]
  ↳ app/views/notes/index.html.erb:6
  Rendered /home/bacancy/.rvm/gems/ruby-3.0.0/gems/actiontext-7.0.8/app/views/action_text/contents/_content.html.erb within layouts/action_text/contents/_content (Duration: 0.3ms | Allocations: 276)
  [1m[36mActionText::RichText Load (0.1ms)[0m  [1m[34mSELECT "action_text_rich_texts".* FROM "action_text_rich_texts" WHERE "action_text_rich_texts"."record_id" = ? AND "action_text_rich_texts"."record_type" = ? AND "action_text_rich_texts"."name" = ? LIMIT ?[0m  [["record_id", 5], ["record_type", "Note"], ["name", "content"], ["LIMIT", 1]]
  ↳ app/views/notes/index.html.erb:6
  Rendered /home/bacancy/.rvm/gems/ruby-3.0.0/gems/actiontext-7.0.8/app/views/action_text/contents/_content.html.erb within layouts/action_text/contents/_content (Duration: 0.4ms | Allocations: 276)
  [1m[36mActionText::RichText Load (0.1ms)[0m  [1m[34mSELECT "action_text_rich_texts".* FROM "action_text_rich_texts" WHERE "action_text_rich_texts"."record_id" = ? AND "action_text_rich_texts"."record_type" = ? AND "action_text_rich_texts"."name" = ? LIMIT ?[0m  [["record_id", 6], ["record_type", "Note"], ["name", "content"], ["LIMIT", 1]]
  ↳ app/views/notes/index.html.erb:6
  Rendered /home/bacancy/.rvm/gems/ruby-3.0.0/gems/actiontext-7.0.8/app/views/action_text/contents/_content.html.erb within layouts/action_text/contents/_content (Duration: 0.1ms | Allocations: 52)
  Rendered notes/index.html.erb within layouts/application (Duration: 39.2ms | Allocations: 55839)
  Rendered layout layouts/application.html.erb (Duration: 89.0ms | Allocations: 99379)
Completed 200 OK in 98ms (Views: 89.4ms | ActiveRecord: 1.4ms | Allocations: 108602)


Started GET "/notes" for 127.0.0.1 at 2023-10-15 13:00:27 +0530
Processing by NotesController#index as HTML
  Rendering layout layouts/application.html.erb
  Rendering notes/index.html.erb within layouts/application
  [1m[36mNote Load (0.3ms)[0m  [1m[34mSELECT "notes".* FROM "notes"[0m
  ↳ app/views/notes/index.html.erb:3
  [1m[36mActionText::RichText Load (0.3ms)[0m  [1m[34mSELECT "action_text_rich_texts".* FROM "action_text_rich_texts" WHERE "action_text_rich_texts"."record_id" = ? AND "action_text_rich_texts"."record_type" = ? AND "action_text_rich_texts"."name" = ? LIMIT ?[0m  [["record_id", 2], ["record_type", "Note"], ["name", "content"], ["LIMIT", 1]]
  ↳ app/views/notes/index.html.erb:6
  Rendered /home/bacancy/.rvm/gems/ruby-3.0.0/gems/actiontext-7.0.8/app/views/action_text/contents/_content.html.erb within layouts/action_text/contents/_content (Duration: 1.7ms | Allocations: 276)
  [1m[36mActionText::RichText Load (0.2ms)[0m  [1m[34mSELECT "action_text_rich_texts".* FROM "action_text_rich_texts" WHERE "action_text_rich_texts"."record_id" = ? AND "action_text_rich_texts"."record_type" = ? AND "action_text_rich_texts"."name" = ? LIMIT ?[0m  [["record_id", 3], ["record_type", "Note"], ["name", "content"], ["LIMIT", 1]]
  ↳ app/views/notes/index.html.erb:6
  Rendered /home/bacancy/.rvm/gems/ruby-3.0.0/gems/actiontext-7.0.8/app/views/action_text/contents/_content.html.erb within layouts/action_text/contents/_content (Duration: 1.1ms | Allocations: 277)
  [1m[36mActionText::RichText Load (0.2ms)[0m  [1m[34mSELECT "action_text_rich_texts".* FROM "action_text_rich_texts" WHERE "action_text_rich_texts"."record_id" = ? AND "action_text_rich_texts"."record_type" = ? AND "action_text_rich_texts"."name" = ? LIMIT ?[0m  [["record_id", 4], ["record_type", "Note"], ["name", "content"], ["LIMIT", 1]]
  ↳ app/views/notes/index.html.erb:6
  Rendered /home/bacancy/.rvm/gems/ruby-3.0.0/gems/actiontext-7.0.8/app/views/action_text/contents/_content.html.erb within layouts/action_text/contents/_content (Duration: 0.7ms | Allocations: 276)
  [1m[36mActionText::RichText Load (0.1ms)[0m  [1m[34mSELECT "action_text_rich_texts".* FROM "action_text_rich_texts" WHERE "action_text_rich_texts"."record_id" = ? AND "action_text_rich_texts"."record_type" = ? AND "action_text_rich_texts"."name" = ? LIMIT ?[0m  [["record_id", 5], ["record_type", "Note"], ["name", "content"], ["LIMIT", 1]]
  ↳ app/views/notes/index.html.erb:6
  Rendered /home/bacancy/.rvm/gems/ruby-3.0.0/gems/actiontext-7.0.8/app/views/action_text/contents/_content.html.erb within layouts/action_text/contents/_content (Duration: 0.7ms | Allocations: 276)
  [1m[36mActionText::RichText Load (0.1ms)[0m  [1m[34mSELECT "action_text_rich_texts".* FROM "action_text_rich_texts" WHERE "action_text_rich_texts"."record_id" = ? AND "action_text_rich_texts"."record_type" = ? AND "action_text_rich_texts"."name" = ? LIMIT ?[0m  [["record_id", 6], ["record_type", "Note"], ["name", "content"], ["LIMIT", 1]]
  ↳ app/views/notes/index.html.erb:6
  Rendered /home/bacancy/.rvm/gems/ruby-3.0.0/gems/actiontext-7.0.8/app/views/action_text/contents/_content.html.erb within layouts/action_text/contents/_content (Duration: 0.1ms | Allocations: 52)
  Rendered notes/index.html.erb within layouts/application (Duration: 32.7ms | Allocations: 7777)
  Rendered layout layouts/application.html.erb (Duration: 36.2ms | Allocations: 10689)
Completed 200 OK in 39ms (Views: 36.3ms | ActiveRecord: 1.2ms | Allocations: 11026)


Started GET "/notes" for 127.0.0.1 at 2023-10-15 13:00:28 +0530
Processing by NotesController#index as HTML
  Rendering layout layouts/application.html.erb
  Rendering notes/index.html.erb within layouts/application
  [1m[36mNote Load (0.3ms)[0m  [1m[34mSELECT "notes".* FROM "notes"[0m
  ↳ app/views/notes/index.html.erb:3
  [1m[36mActionText::RichText Load (0.4ms)[0m  [1m[34mSELECT "action_text_rich_texts".* FROM "action_text_rich_texts" WHERE "action_text_rich_texts"."record_id" = ? AND "action_text_rich_texts"."record_type" = ? AND "action_text_rich_texts"."name" = ? LIMIT ?[0m  [["record_id", 2], ["record_type", "Note"], ["name", "content"], ["LIMIT", 1]]
  ↳ app/views/notes/index.html.erb:6
  Rendered /home/bacancy/.rvm/gems/ruby-3.0.0/gems/actiontext-7.0.8/app/views/action_text/contents/_content.html.erb within layouts/action_text/contents/_content (Duration: 1.6ms | Allocations: 277)
  [1m[36mActionText::RichText Load (0.3ms)[0m  [1m[34mSELECT "action_text_rich_texts".* FROM "action_text_rich_texts" WHERE "action_text_rich_texts"."record_id" = ? AND "action_text_rich_texts"."record_type" = ? AND "action_text_rich_texts"."name" = ? LIMIT ?[0m  [["record_id", 3], ["record_type", "Note"], ["name", "content"], ["LIMIT", 1]]
  ↳ app/views/notes/index.html.erb:6
  Rendered /home/bacancy/.rvm/gems/ruby-3.0.0/gems/actiontext-7.0.8/app/views/action_text/contents/_content.html.erb within layouts/action_text/contents/_content (Duration: 1.3ms | Allocations: 277)
  [1m[36mActionText::RichText Load (0.2ms)[0m  [1m[34mSELECT "action_text_rich_texts".* FROM "action_text_rich_texts" WHERE "action_text_rich_texts"."record_id" = ? AND "action_text_rich_texts"."record_type" = ? AND "action_text_rich_texts"."name" = ? LIMIT ?[0m  [["record_id", 4], ["record_type", "Note"], ["name", "content"], ["LIMIT", 1]]
  ↳ app/views/notes/index.html.erb:6
  Rendered /home/bacancy/.rvm/gems/ruby-3.0.0/gems/actiontext-7.0.8/app/views/action_text/contents/_content.html.erb within layouts/action_text/contents/_content (Duration: 0.9ms | Allocations: 276)
  [1m[36mActionText::RichText Load (0.2ms)[0m  [1m[34mSELECT "action_text_rich_texts".* FROM "action_text_rich_texts" WHERE "action_text_rich_texts"."record_id" = ? AND "action_text_rich_texts"."record_type" = ? AND "action_text_rich_texts"."name" = ? LIMIT ?[0m  [["record_id", 5], ["record_type", "Note"], ["name", "content"], ["LIMIT", 1]]
  ↳ app/views/notes/index.html.erb:6
  Rendered /home/bacancy/.rvm/gems/ruby-3.0.0/gems/actiontext-7.0.8/app/views/action_text/contents/_content.html.erb within layouts/action_text/contents/_content (Duration: 0.7ms | Allocations: 276)
  [1m[36mActionText::RichText Load (0.1ms)[0m  [1m[34mSELECT "action_text_rich_texts".* FROM "action_text_rich_texts" WHERE "action_text_rich_texts"."record_id" = ? AND "action_text_rich_texts"."record_type" = ? AND "action_text_rich_texts"."name" = ? LIMIT ?[0m  [["record_id", 6], ["record_type", "Note"], ["name", "content"], ["LIMIT", 1]]
  ↳ app/views/notes/index.html.erb:6
  Rendered /home/bacancy/.rvm/gems/ruby-3.0.0/gems/actiontext-7.0.8/app/views/action_text/contents/_content.html.erb within layouts/action_text/contents/_content (Duration: 0.1ms | Allocations: 52)
  Rendered notes/index.html.erb within layouts/application (Duration: 37.1ms | Allocations: 7774)
  Rendered layout layouts/application.html.erb (Duration: 40.8ms | Allocations: 10711)
Completed 200 OK in 43ms (Views: 40.4ms | ActiveRecord: 1.4ms | Allocations: 11046)


Started GET "/notes/2" for 127.0.0.1 at 2023-10-15 13:00:29 +0530
Processing by NotesController#show as HTML
  Parameters: {"id"=>"2"}
  [1m[36mNote Load (0.5ms)[0m  [1m[34mSELECT "notes".* FROM "notes" WHERE "notes"."id" = ? LIMIT ?[0m  [["id", 2], ["LIMIT", 1]]
  ↳ app/controllers/notes_controller.rb:42:in `set_note'
  Rendering layout layouts/application.html.erb
  Rendering notes/show.html.erb within layouts/application
  [1m[36mActionText::RichText Load (0.3ms)[0m  [1m[34mSELECT "action_text_rich_texts".* FROM "action_text_rich_texts" WHERE "action_text_rich_texts"."record_id" = ? AND "action_text_rich_texts"."record_type" = ? AND "action_text_rich_texts"."name" = ? LIMIT ?[0m  [["record_id", 2], ["record_type", "Note"], ["name", "content"], ["LIMIT", 1]]
  ↳ app/views/notes/show.html.erb:3
  Rendered /home/bacancy/.rvm/gems/ruby-3.0.0/gems/actiontext-7.0.8/app/views/action_text/contents/_content.html.erb within layouts/action_text/contents/_content (Duration: 1.6ms | Allocations: 277)
  Rendered notes/show.html.erb within layouts/application (Duration: 13.7ms | Allocations: 2138)
  Rendered layout layouts/application.html.erb (Duration: 21.4ms | Allocations: 4905)
Completed 200 OK in 28ms (Views: 22.2ms | ActiveRecord: 0.8ms | Allocations: 6410)


Started GET "/notes/new" for 127.0.0.1 at 2023-10-15 13:00:52 +0530
Processing by NotesController#new as HTML
  Rendering layout layouts/application.html.erb
  Rendering notes/new.html.erb within layouts/application
  Rendered notes/_form.html.erb (Duration: 9.2ms | Allocations: 3800)
  Rendered notes/new.html.erb within layouts/application (Duration: 10.2ms | Allocations: 4035)
  Rendered layout layouts/application.html.erb (Duration: 14.8ms | Allocations: 6785)
Completed 200 OK in 16ms (Views: 15.4ms | ActiveRecord: 0.0ms | Allocations: 7196)


Started GET "/notes" for 127.0.0.1 at 2023-10-15 13:09:05 +0530
Processing by NotesController#index as HTML
  Rendering layout layouts/application.html.erb
  Rendering notes/index.html.erb within layouts/application
  [1m[36mNote Load (0.1ms)[0m  [1m[34mSELECT "notes".* FROM "notes"[0m
  ↳ app/views/notes/index.html.erb:3
  [1m[36mActionText::RichText Load (0.1ms)[0m  [1m[34mSELECT "action_text_rich_texts".* FROM "action_text_rich_texts" WHERE "action_text_rich_texts"."record_id" = ? AND "action_text_rich_texts"."record_type" = ? AND "action_text_rich_texts"."name" = ? LIMIT ?[0m  [["record_id", 2], ["record_type", "Note"], ["name", "content"], ["LIMIT", 1]]
  ↳ app/views/notes/index.html.erb:6
  Rendered /home/bacancy/.rvm/gems/ruby-3.0.0/gems/actiontext-7.0.8/app/views/action_text/contents/_content.html.erb within layouts/action_text/contents/_content (Duration: 1.1ms | Allocations: 529)
  [1m[36mActionText::RichText Load (0.1ms)[0m  [1m[34mSELECT "action_text_rich_texts".* FROM "action_text_rich_texts" WHERE "action_text_rich_texts"."record_id" = ? AND "action_text_rich_texts"."record_type" = ? AND "action_text_rich_texts"."name" = ? LIMIT ?[0m  [["record_id", 3], ["record_type", "Note"], ["name", "content"], ["LIMIT", 1]]
  ↳ app/views/notes/index.html.erb:6
  Rendered /home/bacancy/.rvm/gems/ruby-3.0.0/gems/actiontext-7.0.8/app/views/action_text/contents/_content.html.erb within layouts/action_text/contents/_content (Duration: 0.4ms | Allocations: 277)
  [1m[36mActionText::RichText Load (0.1ms)[0m  [1m[34mSELECT "action_text_rich_texts".* FROM "action_text_rich_texts" WHERE "action_text_rich_texts"."record_id" = ? AND "action_text_rich_texts"."record_type" = ? AND "action_text_rich_texts"."name" = ? LIMIT ?[0m  [["record_id", 4], ["record_type", "Note"], ["name", "content"], ["LIMIT", 1]]
  ↳ app/views/notes/index.html.erb:6
  Rendered /home/bacancy/.rvm/gems/ruby-3.0.0/gems/actiontext-7.0.8/app/views/action_text/contents/_content.html.erb within layouts/action_text/contents/_content (Duration: 0.3ms | Allocations: 276)
  [1m[36mActionText::RichText Load (0.1ms)[0m  [1m[34mSELECT "action_text_rich_texts".* FROM "action_text_rich_texts" WHERE "action_text_rich_texts"."record_id" = ? AND "action_text_rich_texts"."record_type" = ? AND "action_text_rich_texts"."name" = ? LIMIT ?[0m  [["record_id", 5], ["record_type", "Note"], ["name", "content"], ["LIMIT", 1]]
  ↳ app/views/notes/index.html.erb:6
  Rendered /home/bacancy/.rvm/gems/ruby-3.0.0/gems/actiontext-7.0.8/app/views/action_text/contents/_content.html.erb within layouts/action_text/contents/_content (Duration: 0.3ms | Allocations: 276)
  [1m[36mActionText::RichText Load (0.1ms)[0m  [1m[34mSELECT "action_text_rich_texts".* FROM "action_text_rich_texts" WHERE "action_text_rich_texts"."record_id" = ? AND "action_text_rich_texts"."record_type" = ? AND "action_text_rich_texts"."name" = ? LIMIT ?[0m  [["record_id", 6], ["record_type", "Note"], ["name", "content"], ["LIMIT", 1]]
  ↳ app/views/notes/index.html.erb:6
  Rendered /home/bacancy/.rvm/gems/ruby-3.0.0/gems/actiontext-7.0.8/app/views/action_text/contents/_content.html.erb within layouts/action_text/contents/_content (Duration: 0.1ms | Allocations: 52)
  Rendered notes/index.html.erb within layouts/application (Duration: 14.5ms | Allocations: 10645)
  Rendered layout layouts/application.html.erb (Duration: 24.2ms | Allocations: 26911)
Completed 200 OK in 29ms (Views: 24.6ms | ActiveRecord: 0.7ms | Allocations: 31141)


Started GET "/notes" for 127.0.0.1 at 2023-10-15 14:03:54 +0530
  [1m[36mActiveRecord::SchemaMigration Pluck (0.1ms)[0m  [1m[34mSELECT "schema_migrations"."version" FROM "schema_migrations" ORDER BY "schema_migrations"."version" ASC[0m
  
ActionController::RoutingError (No route matches [GET] "/notes"):
  
Started GET "/note" for 127.0.0.1 at 2023-10-15 14:04:03 +0530
  
ActionController::RoutingError (uninitialized constant NoteController
Did you mean?  NotesController):
  
Started GET "/note" for 127.0.0.1 at 2023-10-15 14:04:11 +0530
  
ActionController::RoutingError (uninitialized constant NoteController
Did you mean?  NotesController):
  
Started GET "/note" for 127.0.0.1 at 2023-10-15 14:04:21 +0530
  
ActionController::RoutingError (No route matches [GET] "/note"):
  
Started GET "/notes" for 127.0.0.1 at 2023-10-15 14:04:24 +0530
Processing by NotesController#index as HTML
Completed 401 Unauthorized in 14ms (ActiveRecord: 0.0ms | Allocations: 5491)


Started GET "/users/sign_in" for 127.0.0.1 at 2023-10-15 14:04:24 +0530
Processing by Devise::SessionsController#new as HTML
  Rendering layout layouts/application.html.erb
  Rendering devise/sessions/new.html.erb within layouts/application
  Rendered devise/shared/_links.html.erb (Duration: 1.1ms | Allocations: 935)
  Rendered devise/sessions/new.html.erb within layouts/application (Duration: 5.8ms | Allocations: 4162)
  Rendered layout layouts/application.html.erb (Duration: 49.7ms | Allocations: 41775)
Completed 200 OK in 63ms (Views: 51.2ms | ActiveRecord: 0.7ms | Allocations: 60991)


